[0701/225041.417:ERROR:process_memory_win.cc(73)] ReadMemory at 0x7ff635c90000 of 64 bytes failed: ReadProcessMemory 또는 WriteProcessMemory의 일부 작업만을 마쳤습니다. (0x12B)
[0701/225041.419:WARNING:pe_image_reader.cc(340)] could not read dos header from C:\Program Files (x86)\Google\Chrome\Application\chrome.exe
[0701/225041.419:ERROR:process_memory_win.cc(73)] ReadMemory at 0x7fffa7520000 of 64 bytes failed: ReadProcessMemory 또는 WriteProcessMemory의 일부 작업만을 마쳤습니다. (0x12B)
[0701/225041.419:WARNING:pe_image_reader.cc(340)] could not read dos header from C:\WINDOWS\SYSTEM32\ntdll.dll
[0701/225041.419:ERROR:process_memory_win.cc(73)] ReadMemory at 0x7fffa6810000 of 64 bytes failed: ReadProcessMemory 또는 WriteProcessMemory의 일부 작업만을 마쳤습니다. (0x12B)
[0701/225041.419:WARNING:pe_image_reader.cc(340)] could not read dos header from C:\WINDOWS\System32\KERNEL32.DLL
[0701/225041.419:ERROR:process_memory_win.cc(73)] ReadMemory at 0x7fffa4d90000 of 64 bytes failed: ReadProcessMemory 또는 WriteProcessMemory의 일부 작업만을 마쳤습니다. (0x12B)
[0701/225041.419:WARNING:pe_image_reader.cc(340)] could not read dos header from C:\WINDOWS\System32\KERNELBASE.dll
[0701/225041.420:ERROR:process_memory_win.cc(73)] ReadMemory at 0x7fff7e4e0000 of 64 bytes failed: ReadProcessMemory 또는 WriteProcessMemory의 일부 작업만을 마쳤습니다. (0x12B)
[0701/225041.420:WARNING:pe_image_reader.cc(340)] could not read dos header from C:\Program Files (x86)\Google\Chrome\Application\83.0.4103.116\chrome_elf.dll
[0701/225041.420:ERROR:process_memory_win.cc(73)] ReadMemory at 0x7fff977c0000 of 64 bytes failed: ReadProcessMemory 또는 WriteProcessMemory의 일부 작업만을 마쳤습니다. (0x12B)
[0701/225041.420:WARNING:pe_image_reader.cc(340)] could not read dos header from C:\WINDOWS\SYSTEM32\VERSION.dll
[0701/225041.420:ERROR:process_memory_win.cc(73)] ReadMemory at 0x7fffa5b90000 of 64 bytes failed: ReadProcessMemory 또는 WriteProcessMemory의 일부 작업만을 마쳤습니다. (0x12B)
[0701/225041.420:WARNING:pe_image_reader.cc(340)] could not read dos header from C:\WINDOWS\System32\msvcrt.dll
[0701/225041.420:ERROR:process_memory_win.cc(73)] ReadMemory at 0x7fffa5550000 of 64 bytes failed: ReadProcessMemory 또는 WriteProcessMemory의 일부 작업만을 마쳤습니다. (0x12B)
[0701/225041.420:WARNING:pe_image_reader.cc(340)] could not read dos header from C:\WINDOWS\System32\bcryptPrimitives.dll
[0701/225041.420:ERROR:process_memory_win.cc(73)] ReadMemory at 0x7fffa6ec0000 of 64 bytes failed: ReadProcessMemory 또는 WriteProcessMemory의 일부 작업만을 마쳤습니다. (0x12B)
[0701/225041.420:WARNING:pe_image_reader.cc(340)] could not read dos header from C:\WINDOWS\System32\ADVAPI32.dll
[0701/225041.420:ERROR:process_memory_win.cc(73)] ReadMemory at 0x7fffa6770000 of 64 bytes failed: ReadProcessMemory 또는 WriteProcessMemory의 일부 작업만을 마쳤습니다. (0x12B)
[0701/225041.420:WARNING:pe_image_reader.cc(340)] could not read dos header from C:\WINDOWS\System32\sechost.dll
[0701/225041.420:ERROR:process_memory_win.cc(73)] ReadMemory at 0x7fffa69b0000 of 64 bytes failed: ReadProcessMemory 또는 WriteProcessMemory의 일부 작업만을 마쳤습니다. (0x12B)
[0701/225041.420:WARNING:pe_image_reader.cc(340)] could not read dos header from C:\WINDOWS\System32\RPCRT4.dll
[0701/225041.420:ERROR:process_memory_win.cc(73)] ReadMemory at 0x7fff5cea0000 of 64 bytes failed: ReadProcessMemory 또는 WriteProcessMemory의 일부 작업만을 마쳤습니다. (0x12B)
[0701/225041.420:WARNING:pe_image_reader.cc(340)] could not read dos header from C:\Program Files (x86)\Google\Chrome\Application\83.0.4103.116\chrome.dll
[0701/225041.420:ERROR:process_memory_win.cc(73)] ReadMemory at 0x7fffa6000000 of 64 bytes failed: ReadProcessMemory 또는 WriteProcessMemory의 일부 작업만을 마쳤습니다. (0x12B)
[0701/225041.420:WARNING:pe_image_reader.cc(340)] could not read dos header from C:\WINDOWS\System32\WS2_32.dll
[0701/225041.420:ERROR:process_memory_win.cc(73)] ReadMemory at 0x7fffa5980000 of 64 bytes failed: ReadProcessMemory 또는 WriteProcessMemory의 일부 작업만을 마쳤습니다. (0x12B)
[0701/225041.420:WARNING:pe_image_reader.cc(340)] could not read dos header from C:\WINDOWS\System32\OLEAUT32.dll
[0701/225041.421:ERROR:process_memory_win.cc(73)] ReadMemory at 0x7fffa5260000 of 64 bytes failed: ReadProcessMemory 또는 WriteProcessMemory의 일부 작업만을 마쳤습니다. (0x12B)
[0701/225041.421:WARNING:pe_image_reader.cc(340)] could not read dos header from C:\WINDOWS\System32\msvcp_win.dll
[0701/225041.421:ERROR:process_memory_win.cc(73)] ReadMemory at 0x7fffa5450000 of 64 bytes failed: ReadProcessMemory 또는 WriteProcessMemory의 일부 작업만을 마쳤습니다. (0x12B)
[0701/225041.421:WARNING:pe_image_reader.cc(340)] could not read dos header from C:\WINDOWS\System32\ucrtbase.dll
[0701/225041.421:ERROR:process_memory_win.cc(73)] ReadMemory at 0x7fffa5640000 of 64 bytes failed: ReadProcessMemory 또는 WriteProcessMemory의 일부 작업만을 마쳤습니다. (0x12B)
[0701/225041.421:WARNING:pe_image_reader.cc(340)] could not read dos header from C:\WINDOWS\System32\combase.dll
[0701/225041.421:ERROR:process_memory_win.cc(73)] ReadMemory at 0x7fffa4d00000 of 64 bytes failed: ReadProcessMemory 또는 WriteProcessMemory의 일부 작업만을 마쳤습니다. (0x12B)
[0701/225041.421:WARNING:pe_image_reader.cc(340)] could not read dos header from C:\WINDOWS\System32\WINTRUST.dll
[0701/225041.421:ERROR:process_memory_win.cc(73)] ReadMemory at 0x7fffa43f0000 of 64 bytes failed: ReadProcessMemory 또는 WriteProcessMemory의 일부 작업만을 마쳤습니다. (0x12B)
[0701/225041.421:WARNING:pe_image_reader.cc(340)] could not read dos header from C:\WINDOWS\System32\MSASN1.dll
[0701/225041.421:ERROR:process_memory_win.cc(73)] ReadMemory at 0x7fffa5300000 of 64 bytes failed: ReadProcessMemory 또는 WriteProcessMemory의 일부 작업만을 마쳤습니다. (0x12B)
[0701/225041.421:WARNING:pe_image_reader.cc(340)] could not read dos header from C:\WINDOWS\System32\CRYPT32.dll
[0701/225041.421:ERROR:process_memory_win.cc(73)] ReadMemory at 0x7fffa3960000 of 64 bytes failed: ReadProcessMemory 또는 WriteProcessMemory의 일부 작업만을 마쳤습니다. (0x12B)
[0701/225041.421:WARNING:pe_image_reader.cc(340)] could not read dos header from C:\WINDOWS\SYSTEM32\IPHLPAPI.DLL
[0701/225041.421:ERROR:process_memory_win.cc(73)] ReadMemory at 0x7fffa07e0000 of 64 bytes failed: ReadProcessMemory 또는 WriteProcessMemory의 일부 작업만을 마쳤습니다. (0x12B)
[0701/225041.421:WARNING:pe_image_reader.cc(340)] could not read dos header from C:\WINDOWS\SYSTEM32\WINMM.dll
[0701/225041.421:ERROR:process_memory_win.cc(73)] ReadMemory at 0x7fff88c20000 of 64 bytes failed: ReadProcessMemory 또는 WriteProcessMemory의 일부 작업만을 마쳤습니다. (0x12B)
[0701/225041.422:WARNING:pe_image_reader.cc(340)] could not read dos header from C:\WINDOWS\SYSTEM32\Secur32.dll
[0701/225041.422:ERROR:process_memory_win.cc(73)] ReadMemory at 0x7fffa4300000 of 64 bytes failed: ReadProcessMemory 또는 WriteProcessMemory의 일부 작업만을 마쳤습니다. (0x12B)
[0701/225041.422:WARNING:pe_image_reader.cc(340)] could not read dos header from C:\WINDOWS\SYSTEM32\USERENV.dll
[0701/225041.422:ERROR:process_memory_win.cc(73)] ReadMemory at 0x7fffa4480000 of 64 bytes failed: ReadProcessMemory 또는 WriteProcessMemory의 일부 작업만을 마쳤습니다. (0x12B)
[0701/225041.422:WARNING:pe_image_reader.cc(340)] could not read dos header from C:\WINDOWS\System32\profapi.dll
[0701/225041.422:ERROR:process_memory_win.cc(73)] ReadMemory at 0x7fff81e30000 of 64 bytes failed: ReadProcessMemory 또는 WriteProcessMemory의 일부 작업만을 마쳤습니다. (0x12B)
[0701/225041.422:WARNING:pe_image_reader.cc(340)] could not read dos header from C:\WINDOWS\SYSTEM32\UIAutomationCore.DLL
[0701/225041.423:ERROR:process_memory_win.cc(73)] ReadMemory at 0x7fff8cd30000 of 64 bytes failed: ReadProcessMemory 또는 WriteProcessMemory의 일부 작업만을 마쳤습니다. (0x12B)
[0701/225041.423:WARNING:pe_image_reader.cc(340)] could not read dos header from C:\WINDOWS\SYSTEM32\DWrite.dll
[0701/225041.423:ERROR:process_memory_win.cc(73)] ReadMemory at 0x7fff94fd0000 of 64 bytes failed: ReadProcessMemory 또는 WriteProcessMemory의 일부 작업만을 마쳤습니다. (0x12B)
[0701/225041.423:WARNING:pe_image_reader.cc(340)] could not read dos header from C:\WINDOWS\SYSTEM32\WINSPOOL.DRV
[0701/225041.423:ERROR:process_memory_win.cc(73)] ReadMemory at 0x7fffa4410000 of 64 bytes failed: ReadProcessMemory 또는 WriteProcessMemory의 일부 작업만을 마쳤습니다. (0x12B)
[0701/225041.423:WARNING:pe_image_reader.cc(340)] could not read dos header from C:\WINDOWS\System32\kernel.appcore.dll
[0701/225041.423:ERROR:process_memory_win.cc(73)] ReadMemory at 0x7fffa4d60000 of 64 bytes failed: ReadProcessMemory 또는 WriteProcessMemory의 일부 작업만을 마쳤습니다. (0x12B)
[0701/225041.423:WARNING:pe_image_reader.cc(340)] could not read dos header from C:\WINDOWS\System32\bcrypt.dll
[0701/225041.424:ERROR:process_memory_win.cc(73)] ReadMemory at 0x7fff87ad0000 of 64 bytes failed: ReadProcessMemory 또는 WriteProcessMemory의 일부 작업만을 마쳤습니다. (0x12B)
[0701/225041.424:WARNING:pe_image_reader.cc(340)] could not read dos header from C:\WINDOWS\SYSTEM32\dbghelp.dll
[0701/225041.424:ERROR:process_memory_win.cc(73)] ReadMemory at 0x7fffa2600000 of 64 bytes failed: ReadProcessMemory 또는 WriteProcessMemory의 일부 작업만을 마쳤습니다. (0x12B)
[0701/225041.424:WARNING:pe_image_reader.cc(340)] could not read dos header from C:\WINDOWS\SYSTEM32\WINHTTP.dll
[0701/225041.424:ERROR:process_memory_win.cc(73)] ReadMemory at 0x7fff97410000 of 64 bytes failed: ReadProcessMemory 또는 WriteProcessMemory의 일부 작업만을 마쳤습니다. (0x12B)
[0701/225041.424:WARNING:pe_image_reader.cc(340)] could not read dos header from C:\WINDOWS\SYSTEM32\dhcpcsvc.DLL
[0701/225041.424:ERROR:process_memory_win.cc(73)] ReadMemory at 0x7fffa5630000 of 64 bytes failed: ReadProcessMemory 또는 WriteProcessMemory의 일부 작업만을 마쳤습니다. (0x12B)
[0701/225041.424:WARNING:pe_image_reader.cc(340)] could not read dos header from C:\WINDOWS\System32\NSI.dll
[0701/225041.424:ERROR:process_memory_win.cc(73)] ReadMemory at 0x7fffa07b0000 of 64 bytes failed: ReadProcessMemory 또는 WriteProcessMemory의 일부 작업만을 마쳤습니다. (0x12B)
[0701/225041.424:WARNING:pe_image_reader.cc(340)] could not read dos header from C:\WINDOWS\SYSTEM32\WINMMBASE.dll
[0701/225041.424:ERROR:process_memory_win.cc(73)] ReadMemory at 0x7fffa5210000 of 64 bytes failed: ReadProcessMemory 또는 WriteProcessMemory의 일부 작업만을 마쳤습니다. (0x12B)
[0701/225041.424:WARNING:pe_image_reader.cc(340)] could not read dos header from C:\WINDOWS\System32\cfgmgr32.dll
[0701/225041.425:ERROR:process_memory_win.cc(73)] ReadMemory at 0x7fff9ff70000 of 64 bytes failed: ReadProcessMemory 또는 WriteProcessMemory의 일부 작업만을 마쳤습니다. (0x12B)
[0701/225041.425:WARNING:pe_image_reader.cc(340)] could not read dos header from C:\WINDOWS\SYSTEM32\PROPSYS.dll
[0701/225041.425:ERROR:process_memory_win.cc(73)] ReadMemory at 0x2bd84200000 of 64 bytes failed: ReadProcessMemory 또는 WriteProcessMemory의 일부 작업만을 마쳤습니다. (0x12B)
[0701/225041.425:WARNING:pe_image_reader.cc(340)] could not read dos header from C:\WINDOWS\System32\shcore.dll
[0701/225041.425:ERROR:process_memory_win.cc(73)] ReadMemory at 0x7fffa42d0000 of 64 bytes failed: ReadProcessMemory 또는 WriteProcessMemory의 일부 작업만을 마쳤습니다. (0x12B)
[0701/225041.425:WARNING:pe_image_reader.cc(340)] could not read dos header from C:\WINDOWS\SYSTEM32\SSPICLI.DLL
[0701/225041.425:ERROR:process_memory_win.cc(73)] ReadMemory at 0x7fffa6070000 of 64 bytes failed: ReadProcessMemory 또는 WriteProcessMemory의 일부 작업만을 마쳤습니다. (0x12B)
[0701/225041.425:WARNING:pe_image_reader.cc(340)] could not read dos header from C:\WINDOWS\System32\SHELL32.dll
[0701/225041.425:ERROR:process_memory_win.cc(73)] ReadMemory at 0x7fffa4580000 of 64 bytes failed: ReadProcessMemory 또는 WriteProcessMemory의 일부 작업만을 마쳤습니다. (0x12B)
[0701/225041.425:WARNING:pe_image_reader.cc(340)] could not read dos header from C:\WINDOWS\System32\windows.storage.dll
[0701/225041.425:ERROR:process_memory_win.cc(73)] ReadMemory at 0x7fffa4430000 of 64 bytes failed: ReadProcessMemory 또는 WriteProcessMemory의 일부 작업만을 마쳤습니다. (0x12B)
[0701/225041.425:WARNING:pe_image_reader.cc(340)] could not read dos header from C:\WINDOWS\System32\powrprof.dll
[0701/225041.425:ERROR:process_memory_win.cc(73)] ReadMemory at 0x7fffa43e0000 of 64 bytes failed: ReadProcessMemory 또는 WriteProcessMemory의 일부 작업만을 마쳤습니다. (0x12B)
[0701/225041.425:WARNING:pe_image_reader.cc(340)] could not read dos header from C:\WINDOWS\System32\UMPDC.dll
[0701/225041.425:ERROR:process_memory_win.cc(73)] ReadMemory at 0x7fffa7480000 of 64 bytes failed: ReadProcessMemory 또는 WriteProcessMemory의 일부 작업만을 마쳤습니다. (0x12B)
[0701/225041.425:WARNING:pe_image_reader.cc(340)] could not read dos header from C:\WINDOWS\System32\shlwapi.dll
[0701/225041.425:ERROR:process_memory_win.cc(73)] ReadMemory at 0x7fffa6980000 of 64 bytes failed: ReadProcessMemory 또는 WriteProcessMemory의 일부 작업만을 마쳤습니다. (0x12B)
[0701/225041.426:WARNING:pe_image_reader.cc(340)] could not read dos header from C:\WINDOWS\System32\GDI32.dll
[0701/225041.426:ERROR:process_memory_win.cc(73)] ReadMemory at 0x7fffa5040000 of 64 bytes failed: ReadProcessMemory 또는 WriteProcessMemory의 일부 작업만을 마쳤습니다. (0x12B)
[0701/225041.426:WARNING:pe_image_reader.cc(340)] could not read dos header from C:\WINDOWS\System32\win32u.dll
[0701/225041.426:ERROR:process_memory_win.cc(73)] ReadMemory at 0x7fffa5070000 of 64 bytes failed: ReadProcessMemory 또는 WriteProcessMemory의 일부 작업만을 마쳤습니다. (0x12B)
[0701/225041.426:WARNING:pe_image_reader.cc(340)] could not read dos header from C:\WINDOWS\System32\gdi32full.dll
[0701/225041.426:ERROR:process_memory_win.cc(73)] ReadMemory at 0x7fffa5e60000 of 64 bytes failed: ReadProcessMemory 또는 WriteProcessMemory의 일부 작업만을 마쳤습니다. (0x12B)
[0701/225041.426:WARNING:pe_image_reader.cc(340)] could not read dos header from C:\WINDOWS\System32\USER32.dll
[0701/225041.426:ERROR:process_memory_win.cc(73)] ReadMemory at 0x7fffa44b0000 of 64 bytes failed: ReadProcessMemory 또는 WriteProcessMemory의 일부 작업만을 마쳤습니다. (0x12B)
[0701/225041.426:WARNING:pe_image_reader.cc(340)] could not read dos header from C:\WINDOWS\System32\cryptsp.dll
[0701/225041.426:ERROR:process_memory_win.cc(73)] ReadMemory at 0x7fffa7450000 of 64 bytes failed: ReadProcessMemory 또는 WriteProcessMemory의 일부 작업만을 마쳤습니다. (0x12B)
[0701/225041.426:WARNING:pe_image_reader.cc(340)] could not read dos header from C:\WINDOWS\System32\IMM32.DLL
[0701/225041.426:ERROR:process_memory_win.cc(73)] ReadMemory at 0x7fffa3e20000 of 64 bytes failed: ReadProcessMemory 또는 WriteProcessMemory의 일부 작업만을 마쳤습니다. (0x12B)
[0701/225041.426:WARNING:pe_image_reader.cc(340)] could not read dos header from C:\WINDOWS\SYSTEM32\CRYPTBASE.DLL
[0701/225041.430:ERROR:process_memory_win.cc(73)] ReadMemory at 0x7ff635c90000 of 64 bytes failed: ReadProcessMemory 또는 WriteProcessMemory의 일부 작업만을 마쳤습니다. (0x12B)
[0701/225041.430:WARNING:pe_image_reader.cc(340)] could not read dos header from C:\Program Files (x86)\Google\Chrome\Application\chrome.exe
[0701/225041.430:ERROR:process_memory_win.cc(73)] ReadMemory at 0x7fffa7520000 of 64 bytes failed: ReadProcessMemory 또는 WriteProcessMemory의 일부 작업만을 마쳤습니다. (0x12B)
[0701/225041.430:WARNING:pe_image_reader.cc(340)] could not read dos header from C:\WINDOWS\SYSTEM32\ntdll.dll
[0701/225041.431:ERROR:process_memory_win.cc(73)] ReadMemory at 0x7fffa6810000 of 64 bytes failed: ReadProcessMemory 또는 WriteProcessMemory의 일부 작업만을 마쳤습니다. (0x12B)
[0701/225041.431:WARNING:pe_image_reader.cc(340)] could not read dos header from C:\WINDOWS\System32\KERNEL32.DLL
[0701/225041.431:ERROR:process_memory_win.cc(73)] ReadMemory at 0x7fffa4d90000 of 64 bytes failed: ReadProcessMemory 또는 WriteProcessMemory의 일부 작업만을 마쳤습니다. (0x12B)
[0701/225041.431:WARNING:pe_image_reader.cc(340)] could not read dos header from C:\WINDOWS\System32\KERNELBASE.dll
[0701/225041.431:ERROR:process_memory_win.cc(73)] ReadMemory at 0x7fff7e4e0000 of 64 bytes failed: ReadProcessMemory 또는 WriteProcessMemory의 일부 작업만을 마쳤습니다. (0x12B)
[0701/225041.431:WARNING:pe_image_reader.cc(340)] could not read dos header from C:\Program Files (x86)\Google\Chrome\Application\83.0.4103.116\chrome_elf.dll
[0701/225041.431:ERROR:process_memory_win.cc(73)] ReadMemory at 0x7fff977c0000 of 64 bytes failed: ReadProcessMemory 또는 WriteProcessMemory의 일부 작업만을 마쳤습니다. (0x12B)
[0701/225041.431:WARNING:pe_image_reader.cc(340)] could not read dos header from C:\WINDOWS\SYSTEM32\VERSION.dll
[0701/225041.431:ERROR:process_memory_win.cc(73)] ReadMemory at 0x7fffa5b90000 of 64 bytes failed: ReadProcessMemory 또는 WriteProcessMemory의 일부 작업만을 마쳤습니다. (0x12B)
[0701/225041.431:WARNING:pe_image_reader.cc(340)] could not read dos header from C:\WINDOWS\System32\msvcrt.dll
[0701/225041.431:ERROR:process_memory_win.cc(73)] ReadMemory at 0x7fffa5550000 of 64 bytes failed: ReadProcessMemory 또는 WriteProcessMemory의 일부 작업만을 마쳤습니다. (0x12B)
[0701/225041.431:WARNING:pe_image_reader.cc(340)] could not read dos header from C:\WINDOWS\System32\bcryptPrimitives.dll
[0701/225041.431:ERROR:process_memory_win.cc(73)] ReadMemory at 0x7fffa6ec0000 of 64 bytes failed: ReadProcessMemory 또는 WriteProcessMemory의 일부 작업만을 마쳤습니다. (0x12B)
[0701/225041.431:WARNING:pe_image_reader.cc(340)] could not read dos header from C:\WINDOWS\System32\ADVAPI32.dll
[0701/225041.431:ERROR:process_memory_win.cc(73)] ReadMemory at 0x7fffa6770000 of 64 bytes failed: ReadProcessMemory 또는 WriteProcessMemory의 일부 작업만을 마쳤습니다. (0x12B)
[0701/225041.431:WARNING:pe_image_reader.cc(340)] could not read dos header from C:\WINDOWS\System32\sechost.dll
[0701/225041.431:ERROR:process_memory_win.cc(73)] ReadMemory at 0x7fffa69b0000 of 64 bytes failed: ReadProcessMemory 또는 WriteProcessMemory의 일부 작업만을 마쳤습니다. (0x12B)
[0701/225041.431:WARNING:pe_image_reader.cc(340)] could not read dos header from C:\WINDOWS\System32\RPCRT4.dll
[0701/225041.431:ERROR:process_memory_win.cc(73)] ReadMemory at 0x7fff5cea0000 of 64 bytes failed: ReadProcessMemory 또는 WriteProcessMemory의 일부 작업만을 마쳤습니다. (0x12B)
[0701/225041.431:WARNING:pe_image_reader.cc(340)] could not read dos header from C:\Program Files (x86)\Google\Chrome\Application\83.0.4103.116\chrome.dll
[0701/225041.431:ERROR:process_memory_win.cc(73)] ReadMemory at 0x7fffa6000000 of 64 bytes failed: ReadProcessMemory 또는 WriteProcessMemory의 일부 작업만을 마쳤습니다. (0x12B)
[0701/225041.431:WARNING:pe_image_reader.cc(340)] could not read dos header from C:\WINDOWS\System32\WS2_32.dll
[0701/225041.431:ERROR:process_memory_win.cc(73)] ReadMemory at 0x7fffa5980000 of 64 bytes failed: ReadProcessMemory 또는 WriteProcessMemory의 일부 작업만을 마쳤습니다. (0x12B)
[0701/225041.432:WARNING:pe_image_reader.cc(340)] could not read dos header from C:\WINDOWS\System32\OLEAUT32.dll
[0701/225041.432:ERROR:process_memory_win.cc(73)] ReadMemory at 0x7fffa5260000 of 64 bytes failed: ReadProcessMemory 또는 WriteProcessMemory의 일부 작업만을 마쳤습니다. (0x12B)
[0701/225041.432:WARNING:pe_image_reader.cc(340)] could not read dos header from C:\WINDOWS\System32\msvcp_win.dll
[0701/225041.432:ERROR:process_memory_win.cc(73)] ReadMemory at 0x7fffa5450000 of 64 bytes failed: ReadProcessMemory 또는 WriteProcessMemory의 일부 작업만을 마쳤습니다. (0x12B)
[0701/225041.432:WARNING:pe_image_reader.cc(340)] could not read dos header from C:\WINDOWS\System32\ucrtbase.dll
[0701/225041.432:ERROR:process_memory_win.cc(73)] ReadMemory at 0x7fffa5640000 of 64 bytes failed: ReadProcessMemory 또는 WriteProcessMemory의 일부 작업만을 마쳤습니다. (0x12B)
[0701/225041.432:WARNING:pe_image_reader.cc(340)] could not read dos header from C:\WINDOWS\System32\combase.dll
[0701/225041.432:ERROR:process_memory_win.cc(73)] ReadMemory at 0x7fffa4d00000 of 64 bytes failed: ReadProcessMemory 또는 WriteProcessMemory의 일부 작업만을 마쳤습니다. (0x12B)
[0701/225041.432:WARNING:pe_image_reader.cc(340)] could not read dos header from C:\WINDOWS\System32\WINTRUST.dll
[0701/225041.432:ERROR:process_memory_win.cc(73)] ReadMemory at 0x7fffa43f0000 of 64 bytes failed: ReadProcessMemory 또는 WriteProcessMemory의 일부 작업만을 마쳤습니다. (0x12B)
[0701/225041.432:WARNING:pe_image_reader.cc(340)] could not read dos header from C:\WINDOWS\System32\MSASN1.dll
[0701/225041.432:ERROR:process_memory_win.cc(73)] ReadMemory at 0x7fffa5300000 of 64 bytes failed: ReadProcessMemory 또는 WriteProcessMemory의 일부 작업만을 마쳤습니다. (0x12B)
[0701/225041.432:WARNING:pe_image_reader.cc(340)] could not read dos header from C:\WINDOWS\System32\CRYPT32.dll
[0701/225041.432:ERROR:process_memory_win.cc(73)] ReadMemory at 0x7fffa3960000 of 64 bytes failed: ReadProcessMemory 또는 WriteProcessMemory의 일부 작업만을 마쳤습니다. (0x12B)
[0701/225041.432:WARNING:pe_image_reader.cc(340)] could not read dos header from C:\WINDOWS\SYSTEM32\IPHLPAPI.DLL
[0701/225041.432:ERROR:process_memory_win.cc(73)] ReadMemory at 0x7fffa07e0000 of 64 bytes failed: ReadProcessMemory 또는 WriteProcessMemory의 일부 작업만을 마쳤습니다. (0x12B)
[0701/225041.432:WARNING:pe_image_reader.cc(340)] could not read dos header from C:\WINDOWS\SYSTEM32\WINMM.dll
[0701/225041.432:ERROR:process_memory_win.cc(73)] ReadMemory at 0x7fff88c20000 of 64 bytes failed: ReadProcessMemory 또는 WriteProcessMemory의 일부 작업만을 마쳤습니다. (0x12B)
[0701/225041.432:WARNING:pe_image_reader.cc(340)] could not read dos header from C:\WINDOWS\SYSTEM32\Secur32.dll
[0701/225041.432:ERROR:process_memory_win.cc(73)] ReadMemory at 0x7fffa4300000 of 64 bytes failed: ReadProcessMemory 또는 WriteProcessMemory의 일부 작업만을 마쳤습니다. (0x12B)
[0701/225041.432:WARNING:pe_image_reader.cc(340)] could not read dos header from C:\WINDOWS\SYSTEM32\USERENV.dll
[0701/225041.432:ERROR:process_memory_win.cc(73)] ReadMemory at 0x7fffa4480000 of 64 bytes failed: ReadProcessMemory 또는 WriteProcessMemory의 일부 작업만을 마쳤습니다. (0x12B)
[0701/225041.432:WARNING:pe_image_reader.cc(340)] could not read dos header from C:\WINDOWS\System32\profapi.dll
[0701/225041.432:ERROR:process_memory_win.cc(73)] ReadMemory at 0x7fff81e30000 of 64 bytes failed: ReadProcessMemory 또는 WriteProcessMemory의 일부 작업만을 마쳤습니다. (0x12B)
[0701/225041.432:WARNING:pe_image_reader.cc(340)] could not read dos header from C:\WINDOWS\SYSTEM32\UIAutomationCore.DLL
[0701/225041.432:ERROR:process_memory_win.cc(73)] ReadMemory at 0x7fff8cd30000 of 64 bytes failed: ReadProcessMemory 또는 WriteProcessMemory의 일부 작업만을 마쳤습니다. (0x12B)
[0701/225041.432:WARNING:pe_image_reader.cc(340)] could not read dos header from C:\WINDOWS\SYSTEM32\DWrite.dll
[0701/225041.432:ERROR:process_memory_win.cc(73)] ReadMemory at 0x7fff94fd0000 of 64 bytes failed: ReadProcessMemory 또는 WriteProcessMemory의 일부 작업만을 마쳤습니다. (0x12B)
[0701/225041.432:WARNING:pe_image_reader.cc(340)] could not read dos header from C:\WINDOWS\SYSTEM32\WINSPOOL.DRV
[0701/225041.432:ERROR:process_memory_win.cc(73)] ReadMemory at 0x7fffa4410000 of 64 bytes failed: ReadProcessMemory 또는 WriteProcessMemory의 일부 작업만을 마쳤습니다. (0x12B)
[0701/225041.432:WARNING:pe_image_reader.cc(340)] could not read dos header from C:\WINDOWS\System32\kernel.appcore.dll
[0701/225041.432:ERROR:process_memory_win.cc(73)] ReadMemory at 0x7fffa4d60000 of 64 bytes failed: ReadProcessMemory 또는 WriteProcessMemory의 일부 작업만을 마쳤습니다. (0x12B)
[0701/225041.432:WARNING:pe_image_reader.cc(340)] could not read dos header from C:\WINDOWS\System32\bcrypt.dll
[0701/225041.432:ERROR:process_memory_win.cc(73)] ReadMemory at 0x7fff87ad0000 of 64 bytes failed: ReadProcessMemory 또는 WriteProcessMemory의 일부 작업만을 마쳤습니다. (0x12B)
[0701/225041.433:WARNING:pe_image_reader.cc(340)] could not read dos header from C:\WINDOWS\SYSTEM32\dbghelp.dll
[0701/225041.433:ERROR:process_memory_win.cc(73)] ReadMemory at 0x7fffa2600000 of 64 bytes failed: ReadProcessMemory 또는 WriteProcessMemory의 일부 작업만을 마쳤습니다. (0x12B)
[0701/225041.433:WARNING:pe_image_reader.cc(340)] could not read dos header from C:\WINDOWS\SYSTEM32\WINHTTP.dll
[0701/225041.433:ERROR:process_memory_win.cc(73)] ReadMemory at 0x7fff97410000 of 64 bytes failed: ReadProcessMemory 또는 WriteProcessMemory의 일부 작업만을 마쳤습니다. (0x12B)
[0701/225041.433:WARNING:pe_image_reader.cc(340)] could not read dos header from C:\WINDOWS\SYSTEM32\dhcpcsvc.DLL
[0701/225041.433:ERROR:process_memory_win.cc(73)] ReadMemory at 0x7fffa5630000 of 64 bytes failed: ReadProcessMemory 또는 WriteProcessMemory의 일부 작업만을 마쳤습니다. (0x12B)
[0701/225041.433:WARNING:pe_image_reader.cc(340)] could not read dos header from C:\WINDOWS\System32\NSI.dll
[0701/225041.433:ERROR:process_memory_win.cc(73)] ReadMemory at 0x7fffa07b0000 of 64 bytes failed: ReadProcessMemory 또는 WriteProcessMemory의 일부 작업만을 마쳤습니다. (0x12B)
[0701/225041.433:WARNING:pe_image_reader.cc(340)] could not read dos header from C:\WINDOWS\SYSTEM32\WINMMBASE.dll
[0701/225041.433:ERROR:process_memory_win.cc(73)] ReadMemory at 0x7fffa5210000 of 64 bytes failed: ReadProcessMemory 또는 WriteProcessMemory의 일부 작업만을 마쳤습니다. (0x12B)
[0701/225041.433:WARNING:pe_image_reader.cc(340)] could not read dos header from C:\WINDOWS\System32\cfgmgr32.dll
[0701/225041.433:ERROR:process_memory_win.cc(73)] ReadMemory at 0x7fff9ff70000 of 64 bytes failed: ReadProcessMemory 또는 WriteProcessMemory의 일부 작업만을 마쳤습니다. (0x12B)
[0701/225041.433:WARNING:pe_image_reader.cc(340)] could not read dos header from C:\WINDOWS\SYSTEM32\PROPSYS.dll
[0701/225041.433:ERROR:process_memory_win.cc(73)] ReadMemory at 0x2bd84200000 of 64 bytes failed: ReadProcessMemory 또는 WriteProcessMemory의 일부 작업만을 마쳤습니다. (0x12B)
[0701/225041.433:WARNING:pe_image_reader.cc(340)] could not read dos header from C:\WINDOWS\System32\shcore.dll
[0701/225041.433:ERROR:process_memory_win.cc(73)] ReadMemory at 0x7fffa42d0000 of 64 bytes failed: ReadProcessMemory 또는 WriteProcessMemory의 일부 작업만을 마쳤습니다. (0x12B)
[0701/225041.433:WARNING:pe_image_reader.cc(340)] could not read dos header from C:\WINDOWS\SYSTEM32\SSPICLI.DLL
[0701/225041.433:ERROR:process_memory_win.cc(73)] ReadMemory at 0x7fffa6070000 of 64 bytes failed: ReadProcessMemory 또는 WriteProcessMemory의 일부 작업만을 마쳤습니다. (0x12B)
[0701/225041.433:WARNING:pe_image_reader.cc(340)] could not read dos header from C:\WINDOWS\System32\SHELL32.dll
[0701/225041.433:ERROR:process_memory_win.cc(73)] ReadMemory at 0x7fffa4580000 of 64 bytes failed: ReadProcessMemory 또는 WriteProcessMemory의 일부 작업만을 마쳤습니다. (0x12B)
[0701/225041.433:WARNING:pe_image_reader.cc(340)] could not read dos header from C:\WINDOWS\System32\windows.storage.dll
[0701/225041.433:ERROR:process_memory_win.cc(73)] ReadMemory at 0x7fffa4430000 of 64 bytes failed: ReadProcessMemory 또는 WriteProcessMemory의 일부 작업만을 마쳤습니다. (0x12B)
[0701/225041.433:WARNING:pe_image_reader.cc(340)] could not read dos header from C:\WINDOWS\System32\powrprof.dll
[0701/225041.433:ERROR:process_memory_win.cc(73)] ReadMemory at 0x7fffa43e0000 of 64 bytes failed: ReadProcessMemory 또는 WriteProcessMemory의 일부 작업만을 마쳤습니다. (0x12B)
[0701/225041.433:WARNING:pe_image_reader.cc(340)] could not read dos header from C:\WINDOWS\System32\UMPDC.dll
[0701/225041.433:ERROR:process_memory_win.cc(73)] ReadMemory at 0x7fffa7480000 of 64 bytes failed: ReadProcessMemory 또는 WriteProcessMemory의 일부 작업만을 마쳤습니다. (0x12B)
[0701/225041.433:WARNING:pe_image_reader.cc(340)] could not read dos header from C:\WINDOWS\System32\shlwapi.dll
[0701/225041.433:ERROR:process_memory_win.cc(73)] ReadMemory at 0x7fffa6980000 of 64 bytes failed: ReadProcessMemory 또는 WriteProcessMemory의 일부 작업만을 마쳤습니다. (0x12B)
[0701/225041.433:WARNING:pe_image_reader.cc(340)] could not read dos header from C:\WINDOWS\System32\GDI32.dll
[0701/225041.433:ERROR:process_memory_win.cc(73)] ReadMemory at 0x7fffa5040000 of 64 bytes failed: ReadProcessMemory 또는 WriteProcessMemory의 일부 작업만을 마쳤습니다. (0x12B)
[0701/225041.433:WARNING:pe_image_reader.cc(340)] could not read dos header from C:\WINDOWS\System32\win32u.dll
[0701/225041.433:ERROR:process_memory_win.cc(73)] ReadMemory at 0x7fffa5070000 of 64 bytes failed: ReadProcessMemory 또는 WriteProcessMemory의 일부 작업만을 마쳤습니다. (0x12B)
[0701/225041.433:WARNING:pe_image_reader.cc(340)] could not read dos header from C:\WINDOWS\System32\gdi32full.dll
[0701/225041.434:ERROR:process_memory_win.cc(73)] ReadMemory at 0x7fffa5e60000 of 64 bytes failed: ReadProcessMemory 또는 WriteProcessMemory의 일부 작업만을 마쳤습니다. (0x12B)
[0701/225041.434:WARNING:pe_image_reader.cc(340)] could not read dos header from C:\WINDOWS\System32\USER32.dll
[0701/225041.434:ERROR:process_memory_win.cc(73)] ReadMemory at 0x7fffa44b0000 of 64 bytes failed: ReadProcessMemory 또는 WriteProcessMemory의 일부 작업만을 마쳤습니다. (0x12B)
[0701/225041.434:WARNING:pe_image_reader.cc(340)] could not read dos header from C:\WINDOWS\System32\cryptsp.dll
[0701/225041.434:ERROR:process_memory_win.cc(73)] ReadMemory at 0x7fffa7450000 of 64 bytes failed: ReadProcessMemory 또는 WriteProcessMemory의 일부 작업만을 마쳤습니다. (0x12B)
[0701/225041.434:WARNING:pe_image_reader.cc(340)] could not read dos header from C:\WINDOWS\System32\IMM32.DLL
[0701/225041.434:ERROR:process_memory_win.cc(73)] ReadMemory at 0x7fffa3e20000 of 64 bytes failed: ReadProcessMemory 또는 WriteProcessMemory의 일부 작업만을 마쳤습니다. (0x12B)
[0701/225041.434:WARNING:pe_image_reader.cc(340)] could not read dos header from C:\WINDOWS\SYSTEM32\CRYPTBASE.DLL
[0701/225041.434:ERROR:process_memory_win.cc(73)] ReadMemory at 0x7ff635c90000 of 64 bytes failed: ReadProcessMemory 또는 WriteProcessMemory의 일부 작업만을 마쳤습니다. (0x12B)
[0701/225041.434:WARNING:pe_image_reader.cc(340)] could not read dos header from C:\Program Files (x86)\Google\Chrome\Application\chrome.exe
[0701/225041.434:ERROR:process_memory_win.cc(73)] ReadMemory at 0x7fffa7520000 of 64 bytes failed: ReadProcessMemory 또는 WriteProcessMemory의 일부 작업만을 마쳤습니다. (0x12B)
[0701/225041.434:WARNING:pe_image_reader.cc(340)] could not read dos header from C:\WINDOWS\SYSTEM32\ntdll.dll
[0701/225041.434:ERROR:process_memory_win.cc(73)] ReadMemory at 0x7fffa6810000 of 64 bytes failed: ReadProcessMemory 또는 WriteProcessMemory의 일부 작업만을 마쳤습니다. (0x12B)
[0701/225041.434:WARNING:pe_image_reader.cc(340)] could not read dos header from C:\WINDOWS\System32\KERNEL32.DLL
[0701/225041.434:ERROR:process_memory_win.cc(73)] ReadMemory at 0x7fffa4d90000 of 64 bytes failed: ReadProcessMemory 또는 WriteProcessMemory의 일부 작업만을 마쳤습니다. (0x12B)
[0701/225041.434:WARNING:pe_image_reader.cc(340)] could not read dos header from C:\WINDOWS\System32\KERNELBASE.dll
[0701/225041.434:ERROR:process_memory_win.cc(73)] ReadMemory at 0x7fff7e4e0000 of 64 bytes failed: ReadProcessMemory 또는 WriteProcessMemory의 일부 작업만을 마쳤습니다. (0x12B)
[0701/225041.434:WARNING:pe_image_reader.cc(340)] could not read dos header from C:\Program Files (x86)\Google\Chrome\Application\83.0.4103.116\chrome_elf.dll
[0701/225041.434:ERROR:process_memory_win.cc(73)] ReadMemory at 0x7fff977c0000 of 64 bytes failed: ReadProcessMemory 또는 WriteProcessMemory의 일부 작업만을 마쳤습니다. (0x12B)
[0701/225041.434:WARNING:pe_image_reader.cc(340)] could not read dos header from C:\WINDOWS\SYSTEM32\VERSION.dll
[0701/225041.434:ERROR:process_memory_win.cc(73)] ReadMemory at 0x7fffa5b90000 of 64 bytes failed: ReadProcessMemory 또는 WriteProcessMemory의 일부 작업만을 마쳤습니다. (0x12B)
[0701/225041.434:WARNING:pe_image_reader.cc(340)] could not read dos header from C:\WINDOWS\System32\msvcrt.dll
[0701/225041.434:ERROR:process_memory_win.cc(73)] ReadMemory at 0x7fffa5550000 of 64 bytes failed: ReadProcessMemory 또는 WriteProcessMemory의 일부 작업만을 마쳤습니다. (0x12B)
[0701/225041.434:WARNING:pe_image_reader.cc(340)] could not read dos header from C:\WINDOWS\System32\bcryptPrimitives.dll
[0701/225041.434:ERROR:process_memory_win.cc(73)] ReadMemory at 0x7fffa6ec0000 of 64 bytes failed: ReadProcessMemory 또는 WriteProcessMemory의 일부 작업만을 마쳤습니다. (0x12B)
[0701/225041.434:WARNING:pe_image_reader.cc(340)] could not read dos header from C:\WINDOWS\System32\ADVAPI32.dll
[0701/225041.434:ERROR:process_memory_win.cc(73)] ReadMemory at 0x7fffa6770000 of 64 bytes failed: ReadProcessMemory 또는 WriteProcessMemory의 일부 작업만을 마쳤습니다. (0x12B)
[0701/225041.434:WARNING:pe_image_reader.cc(340)] could not read dos header from C:\WINDOWS\System32\sechost.dll
[0701/225041.434:ERROR:process_memory_win.cc(73)] ReadMemory at 0x7fffa69b0000 of 64 bytes failed: ReadProcessMemory 또는 WriteProcessMemory의 일부 작업만을 마쳤습니다. (0x12B)
[0701/225041.434:WARNING:pe_image_reader.cc(340)] could not read dos header from C:\WINDOWS\System32\RPCRT4.dll
[0701/225041.434:ERROR:process_memory_win.cc(73)] ReadMemory at 0x7fff5cea0000 of 64 bytes failed: ReadProcessMemory 또는 WriteProcessMemory의 일부 작업만을 마쳤습니다. (0x12B)
[0701/225041.434:WARNING:pe_image_reader.cc(340)] could not read dos header from C:\Program Files (x86)\Google\Chrome\Application\83.0.4103.116\chrome.dll
[0701/225041.435:ERROR:process_memory_win.cc(73)] ReadMemory at 0x7fffa6000000 of 64 bytes failed: ReadProcessMemory 또는 WriteProcessMemory의 일부 작업만을 마쳤습니다. (0x12B)
[0701/225041.435:WARNING:pe_image_reader.cc(340)] could not read dos header from C:\WINDOWS\System32\WS2_32.dll
[0701/225041.435:ERROR:process_memory_win.cc(73)] ReadMemory at 0x7fffa5980000 of 64 bytes failed: ReadProcessMemory 또는 WriteProcessMemory의 일부 작업만을 마쳤습니다. (0x12B)
[0701/225041.435:WARNING:pe_image_reader.cc(340)] could not read dos header from C:\WINDOWS\System32\OLEAUT32.dll
[0701/225041.435:ERROR:process_memory_win.cc(73)] ReadMemory at 0x7fffa5260000 of 64 bytes failed: ReadProcessMemory 또는 WriteProcessMemory의 일부 작업만을 마쳤습니다. (0x12B)
[0701/225041.435:WARNING:pe_image_reader.cc(340)] could not read dos header from C:\WINDOWS\System32\msvcp_win.dll
[0701/225041.435:ERROR:process_memory_win.cc(73)] ReadMemory at 0x7fffa5450000 of 64 bytes failed: ReadProcessMemory 또는 WriteProcessMemory의 일부 작업만을 마쳤습니다. (0x12B)
[0701/225041.435:WARNING:pe_image_reader.cc(340)] could not read dos header from C:\WINDOWS\System32\ucrtbase.dll
[0701/225041.435:ERROR:process_memory_win.cc(73)] ReadMemory at 0x7fffa5640000 of 64 bytes failed: ReadProcessMemory 또는 WriteProcessMemory의 일부 작업만을 마쳤습니다. (0x12B)
[0701/225041.435:WARNING:pe_image_reader.cc(340)] could not read dos header from C:\WINDOWS\System32\combase.dll
[0701/225041.435:ERROR:process_memory_win.cc(73)] ReadMemory at 0x7fffa4d00000 of 64 bytes failed: ReadProcessMemory 또는 WriteProcessMemory의 일부 작업만을 마쳤습니다. (0x12B)
[0701/225041.435:WARNING:pe_image_reader.cc(340)] could not read dos header from C:\WINDOWS\System32\WINTRUST.dll
[0701/225041.435:ERROR:process_memory_win.cc(73)] ReadMemory at 0x7fffa43f0000 of 64 bytes failed: ReadProcessMemory 또는 WriteProcessMemory의 일부 작업만을 마쳤습니다. (0x12B)
[0701/225041.435:WARNING:pe_image_reader.cc(340)] could not read dos header from C:\WINDOWS\System32\MSASN1.dll
[0701/225041.435:ERROR:process_memory_win.cc(73)] ReadMemory at 0x7fffa5300000 of 64 bytes failed: ReadProcessMemory 또는 WriteProcessMemory의 일부 작업만을 마쳤습니다. (0x12B)
[0701/225041.435:WARNING:pe_image_reader.cc(340)] could not read dos header from C:\WINDOWS\System32\CRYPT32.dll
[0701/225041.435:ERROR:process_memory_win.cc(73)] ReadMemory at 0x7fffa3960000 of 64 bytes failed: ReadProcessMemory 또는 WriteProcessMemory의 일부 작업만을 마쳤습니다. (0x12B)
[0701/225041.435:WARNING:pe_image_reader.cc(340)] could not read dos header from C:\WINDOWS\SYSTEM32\IPHLPAPI.DLL
[0701/225041.435:ERROR:process_memory_win.cc(73)] ReadMemory at 0x7fffa07e0000 of 64 bytes failed: ReadProcessMemory 또는 WriteProcessMemory의 일부 작업만을 마쳤습니다. (0x12B)
[0701/225041.435:WARNING:pe_image_reader.cc(340)] could not read dos header from C:\WINDOWS\SYSTEM32\WINMM.dll
[0701/225041.435:ERROR:process_memory_win.cc(73)] ReadMemory at 0x7fff88c20000 of 64 bytes failed: ReadProcessMemory 또는 WriteProcessMemory의 일부 작업만을 마쳤습니다. (0x12B)
[0701/225041.435:WARNING:pe_image_reader.cc(340)] could not read dos header from C:\WINDOWS\SYSTEM32\Secur32.dll
[0701/225041.435:ERROR:process_memory_win.cc(73)] ReadMemory at 0x7fffa4300000 of 64 bytes failed: ReadProcessMemory 또는 WriteProcessMemory의 일부 작업만을 마쳤습니다. (0x12B)
[0701/225041.435:WARNING:pe_image_reader.cc(340)] could not read dos header from C:\WINDOWS\SYSTEM32\USERENV.dll
[0701/225041.435:ERROR:process_memory_win.cc(73)] ReadMemory at 0x7fffa4480000 of 64 bytes failed: ReadProcessMemory 또는 WriteProcessMemory의 일부 작업만을 마쳤습니다. (0x12B)
[0701/225041.435:WARNING:pe_image_reader.cc(340)] could not read dos header from C:\WINDOWS\System32\profapi.dll
[0701/225041.435:ERROR:process_memory_win.cc(73)] ReadMemory at 0x7fff81e30000 of 64 bytes failed: ReadProcessMemory 또는 WriteProcessMemory의 일부 작업만을 마쳤습니다. (0x12B)
[0701/225041.435:WARNING:pe_image_reader.cc(340)] could not read dos header from C:\WINDOWS\SYSTEM32\UIAutomationCore.DLL
[0701/225041.435:ERROR:process_memory_win.cc(73)] ReadMemory at 0x7fff8cd30000 of 64 bytes failed: ReadProcessMemory 또는 WriteProcessMemory의 일부 작업만을 마쳤습니다. (0x12B)
[0701/225041.435:WARNING:pe_image_reader.cc(340)] could not read dos header from C:\WINDOWS\SYSTEM32\DWrite.dll
[0701/225041.435:ERROR:process_memory_win.cc(73)] ReadMemory at 0x7fff94fd0000 of 64 bytes failed: ReadProcessMemory 또는 WriteProcessMemory의 일부 작업만을 마쳤습니다. (0x12B)
[0701/225041.435:WARNING:pe_image_reader.cc(340)] could not read dos header from C:\WINDOWS\SYSTEM32\WINSPOOL.DRV
[0701/225041.435:ERROR:process_memory_win.cc(73)] ReadMemory at 0x7fffa4410000 of 64 bytes failed: ReadProcessMemory 또는 WriteProcessMemory의 일부 작업만을 마쳤습니다. (0x12B)
[0701/225041.436:WARNING:pe_image_reader.cc(340)] could not read dos header from C:\WINDOWS\System32\kernel.appcore.dll
[0701/225041.436:ERROR:process_memory_win.cc(73)] ReadMemory at 0x7fffa4d60000 of 64 bytes failed: ReadProcessMemory 또는 WriteProcessMemory의 일부 작업만을 마쳤습니다. (0x12B)
[0701/225041.436:WARNING:pe_image_reader.cc(340)] could not read dos header from C:\WINDOWS\System32\bcrypt.dll
[0701/225041.436:ERROR:process_memory_win.cc(73)] ReadMemory at 0x7fff87ad0000 of 64 bytes failed: ReadProcessMemory 또는 WriteProcessMemory의 일부 작업만을 마쳤습니다. (0x12B)
[0701/225041.436:WARNING:pe_image_reader.cc(340)] could not read dos header from C:\WINDOWS\SYSTEM32\dbghelp.dll
[0701/225041.436:ERROR:process_memory_win.cc(73)] ReadMemory at 0x7fffa2600000 of 64 bytes failed: ReadProcessMemory 또는 WriteProcessMemory의 일부 작업만을 마쳤습니다. (0x12B)
[0701/225041.436:WARNING:pe_image_reader.cc(340)] could not read dos header from C:\WINDOWS\SYSTEM32\WINHTTP.dll
[0701/225041.436:ERROR:process_memory_win.cc(73)] ReadMemory at 0x7fff97410000 of 64 bytes failed: ReadProcessMemory 또는 WriteProcessMemory의 일부 작업만을 마쳤습니다. (0x12B)
[0701/225041.436:WARNING:pe_image_reader.cc(340)] could not read dos header from C:\WINDOWS\SYSTEM32\dhcpcsvc.DLL
[0701/225041.436:ERROR:process_memory_win.cc(73)] ReadMemory at 0x7fffa5630000 of 64 bytes failed: ReadProcessMemory 또는 WriteProcessMemory의 일부 작업만을 마쳤습니다. (0x12B)
[0701/225041.436:WARNING:pe_image_reader.cc(340)] could not read dos header from C:\WINDOWS\System32\NSI.dll
[0701/225041.436:ERROR:process_memory_win.cc(73)] ReadMemory at 0x7fffa07b0000 of 64 bytes failed: ReadProcessMemory 또는 WriteProcessMemory의 일부 작업만을 마쳤습니다. (0x12B)
[0701/225041.436:WARNING:pe_image_reader.cc(340)] could not read dos header from C:\WINDOWS\SYSTEM32\WINMMBASE.dll
[0701/225041.436:ERROR:process_memory_win.cc(73)] ReadMemory at 0x7fffa5210000 of 64 bytes failed: ReadProcessMemory 또는 WriteProcessMemory의 일부 작업만을 마쳤습니다. (0x12B)
[0701/225041.436:WARNING:pe_image_reader.cc(340)] could not read dos header from C:\WINDOWS\System32\cfgmgr32.dll
[0701/225041.436:ERROR:process_memory_win.cc(73)] ReadMemory at 0x7fff9ff70000 of 64 bytes failed: ReadProcessMemory 또는 WriteProcessMemory의 일부 작업만을 마쳤습니다. (0x12B)
[0701/225041.436:WARNING:pe_image_reader.cc(340)] could not read dos header from C:\WINDOWS\SYSTEM32\PROPSYS.dll
[0701/225041.436:ERROR:process_memory_win.cc(73)] ReadMemory at 0x2bd84200000 of 64 bytes failed: ReadProcessMemory 또는 WriteProcessMemory의 일부 작업만을 마쳤습니다. (0x12B)
[0701/225041.436:WARNING:pe_image_reader.cc(340)] could not read dos header from C:\WINDOWS\System32\shcore.dll
[0701/225041.436:ERROR:process_memory_win.cc(73)] ReadMemory at 0x7fffa42d0000 of 64 bytes failed: ReadProcessMemory 또는 WriteProcessMemory의 일부 작업만을 마쳤습니다. (0x12B)
[0701/225041.436:WARNING:pe_image_reader.cc(340)] could not read dos header from C:\WINDOWS\SYSTEM32\SSPICLI.DLL
[0701/225041.436:ERROR:process_memory_win.cc(73)] ReadMemory at 0x7fffa6070000 of 64 bytes failed: ReadProcessMemory 또는 WriteProcessMemory의 일부 작업만을 마쳤습니다. (0x12B)
[0701/225041.436:WARNING:pe_image_reader.cc(340)] could not read dos header from C:\WINDOWS\System32\SHELL32.dll
[0701/225041.436:ERROR:process_memory_win.cc(73)] ReadMemory at 0x7fffa4580000 of 64 bytes failed: ReadProcessMemory 또는 WriteProcessMemory의 일부 작업만을 마쳤습니다. (0x12B)
[0701/225041.436:WARNING:pe_image_reader.cc(340)] could not read dos header from C:\WINDOWS\System32\windows.storage.dll
[0701/225041.436:ERROR:process_memory_win.cc(73)] ReadMemory at 0x7fffa4430000 of 64 bytes failed: ReadProcessMemory 또는 WriteProcessMemory의 일부 작업만을 마쳤습니다. (0x12B)
[0701/225041.436:WARNING:pe_image_reader.cc(340)] could not read dos header from C:\WINDOWS\System32\powrprof.dll
[0701/225041.436:ERROR:process_memory_win.cc(73)] ReadMemory at 0x7fffa43e0000 of 64 bytes failed: ReadProcessMemory 또는 WriteProcessMemory의 일부 작업만을 마쳤습니다. (0x12B)
[0701/225041.436:WARNING:pe_image_reader.cc(340)] could not read dos header from C:\WINDOWS\System32\UMPDC.dll
[0701/225041.436:ERROR:process_memory_win.cc(73)] ReadMemory at 0x7fffa7480000 of 64 bytes failed: ReadProcessMemory 또는 WriteProcessMemory의 일부 작업만을 마쳤습니다. (0x12B)
[0701/225041.436:WARNING:pe_image_reader.cc(340)] could not read dos header from C:\WINDOWS\System32\shlwapi.dll
[0701/225041.436:ERROR:process_memory_win.cc(73)] ReadMemory at 0x7fffa6980000 of 64 bytes failed: ReadProcessMemory 또는 WriteProcessMemory의 일부 작업만을 마쳤습니다. (0x12B)
[0701/225041.437:WARNING:pe_image_reader.cc(340)] could not read dos header from C:\WINDOWS\System32\GDI32.dll
[0701/225041.437:ERROR:process_memory_win.cc(73)] ReadMemory at 0x7fffa5040000 of 64 bytes failed: ReadProcessMemory 또는 WriteProcessMemory의 일부 작업만을 마쳤습니다. (0x12B)
[0701/225041.437:WARNING:pe_image_reader.cc(340)] could not read dos header from C:\WINDOWS\System32\win32u.dll
[0701/225041.437:ERROR:process_memory_win.cc(73)] ReadMemory at 0x7fffa5070000 of 64 bytes failed: ReadProcessMemory 또는 WriteProcessMemory의 일부 작업만을 마쳤습니다. (0x12B)
[0701/225041.437:WARNING:pe_image_reader.cc(340)] could not read dos header from C:\WINDOWS\System32\gdi32full.dll
[0701/225041.437:ERROR:process_memory_win.cc(73)] ReadMemory at 0x7fffa5e60000 of 64 bytes failed: ReadProcessMemory 또는 WriteProcessMemory의 일부 작업만을 마쳤습니다. (0x12B)
[0701/225041.437:WARNING:pe_image_reader.cc(340)] could not read dos header from C:\WINDOWS\System32\USER32.dll
[0701/225041.437:ERROR:process_memory_win.cc(73)] ReadMemory at 0x7fffa44b0000 of 64 bytes failed: ReadProcessMemory 또는 WriteProcessMemory의 일부 작업만을 마쳤습니다. (0x12B)
[0701/225041.437:WARNING:pe_image_reader.cc(340)] could not read dos header from C:\WINDOWS\System32\cryptsp.dll
[0701/225041.437:ERROR:process_memory_win.cc(73)] ReadMemory at 0x7fffa7450000 of 64 bytes failed: ReadProcessMemory 또는 WriteProcessMemory의 일부 작업만을 마쳤습니다. (0x12B)
[0701/225041.437:WARNING:pe_image_reader.cc(340)] could not read dos header from C:\WINDOWS\System32\IMM32.DLL
[0701/225041.437:ERROR:process_memory_win.cc(73)] ReadMemory at 0x7fffa3e20000 of 64 bytes failed: ReadProcessMemory 또는 WriteProcessMemory의 일부 작업만을 마쳤습니다. (0x12B)
[0701/225041.437:WARNING:pe_image_reader.cc(340)] could not read dos header from C:\WINDOWS\SYSTEM32\CRYPTBASE.DLL
[0701/225041.459:ERROR:process_memory_win.cc(73)] ReadMemory at 0xf0247eb000 of 86016 bytes failed: ReadProcessMemory 또는 WriteProcessMemory의 일부 작업만을 마쳤습니다. (0x12B)
[0701/225041.459:ERROR:process_memory_win.cc(73)] ReadMemory at 0xf024ffd000 of 12288 bytes failed: ReadProcessMemory 또는 WriteProcessMemory의 일부 작업만을 마쳤습니다. (0x12B)
[0701/225041.459:ERROR:process_memory_win.cc(73)] ReadMemory at 0xf0257f5000 of 45056 bytes failed: ReadProcessMemory 또는 WriteProcessMemory의 일부 작업만을 마쳤습니다. (0x12B)
[0701/225041.460:ERROR:process_memory_win.cc(73)] ReadMemory at 0xf025ffc000 of 16384 bytes failed: ReadProcessMemory 또는 WriteProcessMemory의 일부 작업만을 마쳤습니다. (0x12B)
[0701/225041.460:ERROR:process_memory_win.cc(73)] ReadMemory at 0xf0267fb000 of 20480 bytes failed: ReadProcessMemory 또는 WriteProcessMemory의 일부 작업만을 마쳤습니다. (0x12B)
[0701/225041.460:ERROR:process_memory_win.cc(73)] ReadMemory at 0xf026ffe000 of 8192 bytes failed: ReadProcessMemory 또는 WriteProcessMemory의 일부 작업만을 마쳤습니다. (0x12B)
[0701/225041.460:ERROR:process_memory_win.cc(73)] ReadMemory at 0xf0277fd000 of 12288 bytes failed: ReadProcessMemory 또는 WriteProcessMemory의 일부 작업만을 마쳤습니다. (0x12B)
[0701/225041.460:ERROR:process_memory_win.cc(73)] ReadMemory at 0xf027ffb000 of 20480 bytes failed: ReadProcessMemory 또는 WriteProcessMemory의 일부 작업만을 마쳤습니다. (0x12B)
[0701/225041.460:ERROR:process_memory_win.cc(73)] ReadMemory at 0xf0287fd000 of 12288 bytes failed: ReadProcessMemory 또는 WriteProcessMemory의 일부 작업만을 마쳤습니다. (0x12B)
[0701/225041.460:ERROR:process_memory_win.cc(73)] ReadMemory at 0xf028ffb000 of 20480 bytes failed: ReadProcessMemory 또는 WriteProcessMemory의 일부 작업만을 마쳤습니다. (0x12B)
[0701/225041.460:ERROR:process_memory_win.cc(73)] ReadMemory at 0xf0297f6000 of 40960 bytes failed: ReadProcessMemory 또는 WriteProcessMemory의 일부 작업만을 마쳤습니다. (0x12B)
[0701/225041.460:ERROR:process_memory_win.cc(73)] ReadMemory at 0xf029ff6000 of 40960 bytes failed: ReadProcessMemory 또는 WriteProcessMemory의 일부 작업만을 마쳤습니다. (0x12B)
[0701/225041.460:ERROR:process_memory_win.cc(73)] ReadMemory at 0xf02a7fd000 of 12288 bytes failed: ReadProcessMemory 또는 WriteProcessMemory의 일부 작업만을 마쳤습니다. (0x12B)
[0701/225041.460:ERROR:process_memory_win.cc(73)] ReadMemory at 0xf02aff9000 of 28672 bytes failed: ReadProcessMemory 또는 WriteProcessMemory의 일부 작업만을 마쳤습니다. (0x12B)
[0701/225041.460:ERROR:process_memory_win.cc(73)] ReadMemory at 0xf02b7f9000 of 28672 bytes failed: ReadProcessMemory 또는 WriteProcessMemory의 일부 작업만을 마쳤습니다. (0x12B)
[0701/225041.461:ERROR:process_memory_win.cc(73)] ReadMemory at 0xf02bffb000 of 20480 bytes failed: ReadProcessMemory 또는 WriteProcessMemory의 일부 작업만을 마쳤습니다. (0x12B)
[0701/225041.461:ERROR:process_memory_win.cc(73)] ReadMemory at 0xf023fc8000 of 852 bytes failed: ReadProcessMemory 또는 WriteProcessMemory의 일부 작업만을 마쳤습니다. (0x12B)
[0701/225041.461:ERROR:process_memory_win.cc(73)] ReadMemory at 0xf023fc9000 of 6024 bytes failed: ReadProcessMemory 또는 WriteProcessMemory의 일부 작업만을 마쳤습니다. (0x12B)
[0701/225041.461:ERROR:process_memory_win.cc(73)] ReadMemory at 0xf023fcb000 of 6024 bytes failed: ReadProcessMemory 또는 WriteProcessMemory의 일부 작업만을 마쳤습니다. (0x12B)
[0701/225041.461:ERROR:process_memory_win.cc(73)] ReadMemory at 0xf023fcd000 of 6024 bytes failed: ReadProcessMemory 또는 WriteProcessMemory의 일부 작업만을 마쳤습니다. (0x12B)
[0701/225041.461:ERROR:process_memory_win.cc(73)] ReadMemory at 0xf023fcf000 of 6024 bytes failed: ReadProcessMemory 또는 WriteProcessMemory의 일부 작업만을 마쳤습니다. (0x12B)
[0701/225041.461:ERROR:process_memory_win.cc(73)] ReadMemory at 0xf023fd1000 of 6024 bytes failed: ReadProcessMemory 또는 WriteProcessMemory의 일부 작업만을 마쳤습니다. (0x12B)
[0701/225041.461:ERROR:process_memory_win.cc(73)] ReadMemory at 0xf023fd3000 of 6024 bytes failed: ReadProcessMemory 또는 WriteProcessMemory의 일부 작업만을 마쳤습니다. (0x12B)
[0701/225041.461:ERROR:process_memory_win.cc(73)] ReadMemory at 0xf023fd5000 of 6024 bytes failed: ReadProcessMemory 또는 WriteProcessMemory의 일부 작업만을 마쳤습니다. (0x12B)
[0701/225041.461:ERROR:process_memory_win.cc(73)] ReadMemory at 0xf023fd7000 of 6024 bytes failed: ReadProcessMemory 또는 WriteProcessMemory의 일부 작업만을 마쳤습니다. (0x12B)
[0701/225041.461:ERROR:process_memory_win.cc(73)] ReadMemory at 0xf023fd9000 of 6024 bytes failed: ReadProcessMemory 또는 WriteProcessMemory의 일부 작업만을 마쳤습니다. (0x12B)
[0701/225041.461:ERROR:process_memory_win.cc(73)] ReadMemory at 0xf023fdb000 of 6024 bytes failed: ReadProcessMemory 또는 WriteProcessMemory의 일부 작업만을 마쳤습니다. (0x12B)
[0701/225041.462:ERROR:process_memory_win.cc(73)] ReadMemory at 0xf023fdd000 of 6024 bytes failed: ReadProcessMemory 또는 WriteProcessMemory의 일부 작업만을 마쳤습니다. (0x12B)
[0701/225041.462:ERROR:process_memory_win.cc(73)] ReadMemory at 0xf023fdf000 of 6024 bytes failed: ReadProcessMemory 또는 WriteProcessMemory의 일부 작업만을 마쳤습니다. (0x12B)
[0701/225041.462:ERROR:process_memory_win.cc(73)] ReadMemory at 0xf023fe1000 of 6024 bytes failed: ReadProcessMemory 또는 WriteProcessMemory의 일부 작업만을 마쳤습니다. (0x12B)
[0701/225041.462:ERROR:process_memory_win.cc(73)] ReadMemory at 0xf023fe3000 of 6024 bytes failed: ReadProcessMemory 또는 WriteProcessMemory의 일부 작업만을 마쳤습니다. (0x12B)
[0701/225041.462:ERROR:process_memory_win.cc(73)] ReadMemory at 0xf023fe5000 of 6024 bytes failed: ReadProcessMemory 또는 WriteProcessMemory의 일부 작업만을 마쳤습니다. (0x12B)
[0701/225041.462:ERROR:process_memory_win.cc(73)] ReadMemory at 0xf023fe7000 of 6024 bytes failed: ReadProcessMemory 또는 WriteProcessMemory의 일부 작업만을 마쳤습니다. (0x12B)
[0701/225041.462:ERROR:process_memory_win.cc(73)] ReadMemory at 0x2bd83f50fe0 of 5982 bytes failed: ReadProcessMemory 또는 WriteProcessMemory의 일부 작업만을 마쳤습니다. (0x12B)
[0701/225041.462:ERROR:process_memory_win.cc(73)] ReadMemory at 0x2bd83f52750 of 1012 bytes failed: ReadProcessMemory 또는 WriteProcessMemory의 일부 작업만을 마쳤습니다. (0x12B)
[0701/225041.462:ERROR:process_memory_win.cc(73)] ReadMemory at 0x2bd83f52d98 of 118 bytes failed: ReadProcessMemory 또는 WriteProcessMemory의 일부 작업만을 마쳤습니다. (0x12B)
[0701/225041.462:ERROR:process_memory_win.cc(73)] ReadMemory at 0x2bd83f52e10 of 1250 bytes failed: ReadProcessMemory 또는 WriteProcessMemory의 일부 작업만을 마쳤습니다. (0x12B)
[0701/225041.462:ERROR:process_memory_win.cc(73)] ReadMemory at 0x2bd83f532f4 of 118 bytes failed: ReadProcessMemory 또는 WriteProcessMemory의 일부 작업만을 마쳤습니다. (0x12B)
[0701/225041.462:ERROR:process_memory_win.cc(73)] ReadMemory at 0x2bd83f5336c of 100 bytes failed: ReadProcessMemory 또는 WriteProcessMemory의 일부 작업만을 마쳤습니다. (0x12B)
[0701/225041.463:ERROR:process_memory_win.cc(73)] ReadMemory at 0x2bd83f533e0 of 58 bytes failed: ReadProcessMemory 또는 WriteProcessMemory의 일부 작업만을 마쳤습니다. (0x12B)
[0701/225041.463:ERROR:process_memory_win.cc(73)] ReadMemory at 0x2bd83f534e0 of 132 bytes failed: ReadProcessMemory 또는 WriteProcessMemory의 일부 작업만을 마쳤습니다. (0x12B)
[0701/225041.463:ERROR:process_memory_win.cc(73)] ReadMemory at 0x2bd83f53670 of 132 bytes failed: ReadProcessMemory 또는 WriteProcessMemory의 일부 작업만을 마쳤습니다. (0x12B)
[0701/225041.463:ERROR:process_memory_win.cc(73)] ReadMemory at 0x2bd83f53830 of 126 bytes failed: ReadProcessMemory 또는 WriteProcessMemory의 일부 작업만을 마쳤습니다. (0x12B)
[0701/225041.463:ERROR:process_memory_win.cc(73)] ReadMemory at 0x2bd83f53c10 of 132 bytes failed: ReadProcessMemory 또는 WriteProcessMemory의 일부 작업만을 마쳤습니다. (0x12B)
[0701/225041.463:ERROR:process_memory_win.cc(73)] ReadMemory at 0x2bd83f53da0 of 64 bytes failed: ReadProcessMemory 또는 WriteProcessMemory의 일부 작업만을 마쳤습니다. (0x12B)
[0701/225041.463:ERROR:process_memory_win.cc(73)] ReadMemory at 0x2bd83f53df0 of 132 bytes failed: ReadProcessMemory 또는 WriteProcessMemory의 일부 작업만을 마쳤습니다. (0x12B)
[0701/225041.463:ERROR:process_memory_win.cc(73)] ReadMemory at 0x2bd83f53f60 of 132 bytes failed: ReadProcessMemory 또는 WriteProcessMemory의 일부 작업만을 마쳤습니다. (0x12B)
[0701/225041.463:ERROR:process_memory_win.cc(73)] ReadMemory at 0x2bd83f54200 of 132 bytes failed: ReadProcessMemory 또는 WriteProcessMemory의 일부 작업만을 마쳤습니다. (0x12B)
[0701/225041.463:ERROR:process_memory_win.cc(73)] ReadMemory at 0x2bd83f54390 of 68 bytes failed: ReadProcessMemory 또는 WriteProcessMemory의 일부 작업만을 마쳤습니다. (0x12B)
[0701/225041.463:ERROR:process_memory_win.cc(73)] ReadMemory at 0x2bd83f55410 of 146 bytes failed: ReadProcessMemory 또는 WriteProcessMemory의 일부 작업만을 마쳤습니다. (0x12B)
[0701/225041.463:ERROR:process_memory_win.cc(73)] ReadMemory at 0x2bd83f554f0 of 132 bytes failed: ReadProcessMemory 또는 WriteProcessMemory의 일부 작업만을 마쳤습니다. (0x12B)
[0701/225041.463:ERROR:process_memory_win.cc(73)] ReadMemory at 0x2bd83f55680 of 154 bytes failed: ReadProcessMemory 또는 WriteProcessMemory의 일부 작업만을 마쳤습니다. (0x12B)
[0701/225041.463:ERROR:process_memory_win.cc(73)] ReadMemory at 0x2bd83f56460 of 62 bytes failed: ReadProcessMemory 또는 WriteProcessMemory의 일부 작업만을 마쳤습니다. (0x12B)
[0701/225041.464:ERROR:process_memory_win.cc(73)] ReadMemory at 0x2bd83f564b0 of 132 bytes failed: ReadProcessMemory 또는 WriteProcessMemory의 일부 작업만을 마쳤습니다. (0x12B)
[0701/225041.464:ERROR:process_memory_win.cc(73)] ReadMemory at 0x2bd83f56650 of 132 bytes failed: ReadProcessMemory 또는 WriteProcessMemory의 일부 작업만을 마쳤습니다. (0x12B)
[0701/225041.464:ERROR:process_memory_win.cc(73)] ReadMemory at 0x2bd83f56780 of 60 bytes failed: ReadProcessMemory 또는 WriteProcessMemory의 일부 작업만을 마쳤습니다. (0x12B)
[0701/225041.464:ERROR:process_memory_win.cc(73)] ReadMemory at 0x2bd83f581d0 of 132 bytes failed: ReadProcessMemory 또는 WriteProcessMemory의 일부 작업만을 마쳤습니다. (0x12B)
[0701/225041.464:ERROR:process_memory_win.cc(73)] ReadMemory at 0x2bd83f58300 of 132 bytes failed: ReadProcessMemory 또는 WriteProcessMemory의 일부 작업만을 마쳤습니다. (0x12B)
[0701/225041.464:ERROR:process_memory_win.cc(73)] ReadMemory at 0x2bd83f58570 of 132 bytes failed: ReadProcessMemory 또는 WriteProcessMemory의 일부 작업만을 마쳤습니다. (0x12B)
[0701/225041.464:ERROR:process_memory_win.cc(73)] ReadMemory at 0x2bd83f58780 of 132 bytes failed: ReadProcessMemory 또는 WriteProcessMemory의 일부 작업만을 마쳤습니다. (0x12B)
[0701/225041.464:ERROR:process_memory_win.cc(73)] ReadMemory at 0x2bd83f58eb0 of 132 bytes failed: ReadProcessMemory 또는 WriteProcessMemory의 일부 작업만을 마쳤습니다. (0x12B)
[0701/225041.464:ERROR:process_memory_win.cc(73)] ReadMemory at 0x2bd83f59040 of 80 bytes failed: ReadProcessMemory 또는 WriteProcessMemory의 일부 작업만을 마쳤습니다. (0x12B)
[0701/225041.464:ERROR:process_memory_win.cc(73)] ReadMemory at 0x2bd83f5b5b0 of 64 bytes failed: ReadProcessMemory 또는 WriteProcessMemory의 일부 작업만을 마쳤습니다. (0x12B)
[0701/225041.464:ERROR:process_memory_win.cc(73)] ReadMemory at 0x2bd83f5b790 of 60 bytes failed: ReadProcessMemory 또는 WriteProcessMemory의 일부 작업만을 마쳤습니다. (0x12B)
[0701/225041.464:ERROR:process_memory_win.cc(73)] ReadMemory at 0x2bd83f5b830 of 64 bytes failed: ReadProcessMemory 또는 WriteProcessMemory의 일부 작업만을 마쳤습니다. (0x12B)
[0701/225041.464:ERROR:process_memory_win.cc(73)] ReadMemory at 0x2bd83f5b8d0 of 66 bytes failed: ReadProcessMemory 또는 WriteProcessMemory의 일부 작업만을 마쳤습니다. (0x12B)
[0701/225041.464:ERROR:process_memory_win.cc(73)] ReadMemory at 0x2bd83f5ba10 of 64 bytes failed: ReadProcessMemory 또는 WriteProcessMemory의 일부 작업만을 마쳤습니다. (0x12B)
[0701/225041.464:ERROR:process_memory_win.cc(73)] ReadMemory at 0x2bd83f5ba60 of 62 bytes failed: ReadProcessMemory 또는 WriteProcessMemory의 일부 작업만을 마쳤습니다. (0x12B)
[0701/225041.464:ERROR:process_memory_win.cc(73)] ReadMemory at 0x2bd83f5bb00 of 64 bytes failed: ReadProcessMemory 또는 WriteProcessMemory의 일부 작업만을 마쳤습니다. (0x12B)
[0701/225041.465:ERROR:process_memory_win.cc(73)] ReadMemory at 0x2bd83f5bc90 of 60 bytes failed: ReadProcessMemory 또는 WriteProcessMemory의 일부 작업만을 마쳤습니다. (0x12B)
[0701/225041.465:ERROR:process_memory_win.cc(73)] ReadMemory at 0x2bd83f5bce0 of 62 bytes failed: ReadProcessMemory 또는 WriteProcessMemory의 일부 작업만을 마쳤습니다. (0x12B)
[0701/225041.465:ERROR:process_memory_win.cc(73)] ReadMemory at 0x2bd83f5c820 of 78 bytes failed: ReadProcessMemory 또는 WriteProcessMemory의 일부 작업만을 마쳤습니다. (0x12B)
[0701/225041.465:ERROR:process_memory_win.cc(73)] ReadMemory at 0x2bd83f5cca0 of 80 bytes failed: ReadProcessMemory 또는 WriteProcessMemory의 일부 작업만을 마쳤습니다. (0x12B)
[0701/225041.465:ERROR:process_memory_win.cc(73)] ReadMemory at 0x2bd83f5cd00 of 76 bytes failed: ReadProcessMemory 또는 WriteProcessMemory의 일부 작업만을 마쳤습니다. (0x12B)
[0701/225041.465:ERROR:process_memory_win.cc(73)] ReadMemory at 0x2bd83f5d1d0 of 64 bytes failed: ReadProcessMemory 또는 WriteProcessMemory의 일부 작업만을 마쳤습니다. (0x12B)
[0701/225041.465:ERROR:process_memory_win.cc(73)] ReadMemory at 0x2bd83f5d270 of 62 bytes failed: ReadProcessMemory 또는 WriteProcessMemory의 일부 작업만을 마쳤습니다. (0x12B)
[0701/225041.465:ERROR:process_memory_win.cc(73)] ReadMemory at 0x2bd83f5d310 of 62 bytes failed: ReadProcessMemory 또는 WriteProcessMemory의 일부 작업만을 마쳤습니다. (0x12B)
[0701/225041.465:ERROR:process_memory_win.cc(73)] ReadMemory at 0x2bd83f5d360 of 64 bytes failed: ReadProcessMemory 또는 WriteProcessMemory의 일부 작업만을 마쳤습니다. (0x12B)
[0701/225041.465:ERROR:process_memory_win.cc(73)] ReadMemory at 0x2bd83f5d3b0 of 66 bytes failed: ReadProcessMemory 또는 WriteProcessMemory의 일부 작업만을 마쳤습니다. (0x12B)
[0701/225041.465:ERROR:process_memory_win.cc(73)] ReadMemory at 0x2bd83f5d4f0 of 60 bytes failed: ReadProcessMemory 또는 WriteProcessMemory의 일부 작업만을 마쳤습니다. (0x12B)
[0701/225041.465:ERROR:process_memory_win.cc(73)] ReadMemory at 0x2bd83f5d5e0 of 64 bytes failed: ReadProcessMemory 또는 WriteProcessMemory의 일부 작업만을 마쳤습니다. (0x12B)
[0701/225041.465:ERROR:process_memory_win.cc(73)] ReadMemory at 0x2bd83f5d770 of 60 bytes failed: ReadProcessMemory 또는 WriteProcessMemory의 일부 작업만을 마쳤습니다. (0x12B)
[0701/225041.465:ERROR:process_memory_win.cc(73)] ReadMemory at 0x2bd83f5db30 of 64 bytes failed: ReadProcessMemory 또는 WriteProcessMemory의 일부 작업만을 마쳤습니다. (0x12B)
[0701/225041.465:ERROR:process_memory_win.cc(73)] ReadMemory at 0x2bd83f5dd60 of 62 bytes failed: ReadProcessMemory 또는 WriteProcessMemory의 일부 작업만을 마쳤습니다. (0x12B)
[0701/225041.466:ERROR:process_memory_win.cc(73)] ReadMemory at 0x2bd83f5ddb0 of 62 bytes failed: ReadProcessMemory 또는 WriteProcessMemory의 일부 작업만을 마쳤습니다. (0x12B)
[0701/225041.466:ERROR:process_memory_win.cc(73)] ReadMemory at 0x2bd83f5de00 of 60 bytes failed: ReadProcessMemory 또는 WriteProcessMemory의 일부 작업만을 마쳤습니다. (0x12B)
[0701/225041.466:ERROR:process_memory_win.cc(73)] ReadMemory at 0x2bd83f5dea0 of 62 bytes failed: ReadProcessMemory 또는 WriteProcessMemory의 일부 작업만을 마쳤습니다. (0x12B)
[0701/225041.466:ERROR:process_memory_win.cc(73)] ReadMemory at 0x2bd83f5df40 of 62 bytes failed: ReadProcessMemory 또는 WriteProcessMemory의 일부 작업만을 마쳤습니다. (0x12B)
[0701/225041.466:ERROR:process_memory_win.cc(73)] ReadMemory at 0x2bd83f5df90 of 62 bytes failed: ReadProcessMemory 또는 WriteProcessMemory의 일부 작업만을 마쳤습니다. (0x12B)
[0701/225041.466:ERROR:process_memory_win.cc(73)] ReadMemory at 0x2bd83f5dfe0 of 60 bytes failed: ReadProcessMemory 또는 WriteProcessMemory의 일부 작업만을 마쳤습니다. (0x12B)
[0701/225041.466:ERROR:process_memory_win.cc(73)] ReadMemory at 0x2bd83f5e030 of 58 bytes failed: ReadProcessMemory 또는 WriteProcessMemory의 일부 작업만을 마쳤습니다. (0x12B)
[0701/225041.466:ERROR:process_memory_win.cc(73)] ReadMemory at 0x2bd83f5e0d0 of 62 bytes failed: ReadProcessMemory 또는 WriteProcessMemory의 일부 작업만을 마쳤습니다. (0x12B)
[0701/225041.466:ERROR:process_memory_win.cc(73)] ReadMemory at 0x2bd83f5e120 of 62 bytes failed: ReadProcessMemory 또는 WriteProcessMemory의 일부 작업만을 마쳤습니다. (0x12B)
[0701/225041.466:ERROR:process_memory_win.cc(73)] ReadMemory at 0x2bd83f5fe80 of 54 bytes failed: ReadProcessMemory 또는 WriteProcessMemory의 일부 작업만을 마쳤습니다. (0x12B)
[0701/225041.466:ERROR:process_memory_win.cc(73)] ReadMemory at 0x2bd83f60400 of 132 bytes failed: ReadProcessMemory 또는 WriteProcessMemory의 일부 작업만을 마쳤습니다. (0x12B)
[0701/225041.466:ERROR:process_memory_win.cc(73)] ReadMemory at 0x2bd83f60b90 of 132 bytes failed: ReadProcessMemory 또는 WriteProcessMemory의 일부 작업만을 마쳤습니다. (0x12B)
[0701/225041.466:ERROR:process_memory_win.cc(73)] ReadMemory at 0x2bd83f615d0 of 132 bytes failed: ReadProcessMemory 또는 WriteProcessMemory의 일부 작업만을 마쳤습니다. (0x12B)
[0701/225041.466:ERROR:process_memory_win.cc(73)] ReadMemory at 0x2bd83f65b00 of 132 bytes failed: ReadProcessMemory 또는 WriteProcessMemory의 일부 작업만을 마쳤습니다. (0x12B)
[0701/225041.466:ERROR:process_memory_win.cc(73)] ReadMemory at 0x2bd83f65c30 of 132 bytes failed: ReadProcessMemory 또는 WriteProcessMemory의 일부 작업만을 마쳤습니다. (0x12B)
[0701/225041.467:ERROR:process_memory_win.cc(73)] ReadMemory at 0x2bd83f65d60 of 132 bytes failed: ReadProcessMemory 또는 WriteProcessMemory의 일부 작업만을 마쳤습니다. (0x12B)
[0701/225041.467:ERROR:process_memory_win.cc(73)] ReadMemory at 0x2bd83f65e90 of 132 bytes failed: ReadProcessMemory 또는 WriteProcessMemory의 일부 작업만을 마쳤습니다. (0x12B)
[0701/225041.467:ERROR:process_memory_win.cc(73)] ReadMemory at 0x2bd83f65fc0 of 132 bytes failed: ReadProcessMemory 또는 WriteProcessMemory의 일부 작업만을 마쳤습니다. (0x12B)
[0701/225041.467:ERROR:process_memory_win.cc(73)] ReadMemory at 0x2bd83f660f0 of 132 bytes failed: ReadProcessMemory 또는 WriteProcessMemory의 일부 작업만을 마쳤습니다. (0x12B)
[0701/225041.467:ERROR:process_memory_win.cc(73)] ReadMemory at 0x2bd83f66220 of 132 bytes failed: ReadProcessMemory 또는 WriteProcessMemory의 일부 작업만을 마쳤습니다. (0x12B)
[0701/225041.467:ERROR:process_memory_win.cc(73)] ReadMemory at 0x2bd83f66350 of 132 bytes failed: ReadProcessMemory 또는 WriteProcessMemory의 일부 작업만을 마쳤습니다. (0x12B)
[0701/225041.467:ERROR:process_memory_win.cc(73)] ReadMemory at 0x2bd83f66480 of 132 bytes failed: ReadProcessMemory 또는 WriteProcessMemory의 일부 작업만을 마쳤습니다. (0x12B)
[0701/225041.467:ERROR:process_memory_win.cc(73)] ReadMemory at 0x2bd83f665b0 of 132 bytes failed: ReadProcessMemory 또는 WriteProcessMemory의 일부 작업만을 마쳤습니다. (0x12B)
[0701/225041.467:ERROR:process_memory_win.cc(73)] ReadMemory at 0x2bd83f666e0 of 132 bytes failed: ReadProcessMemory 또는 WriteProcessMemory의 일부 작업만을 마쳤습니다. (0x12B)
[0701/225041.467:ERROR:process_memory_win.cc(73)] ReadMemory at 0x2bd83f66810 of 132 bytes failed: ReadProcessMemory 또는 WriteProcessMemory의 일부 작업만을 마쳤습니다. (0x12B)
[0701/225041.467:ERROR:process_memory_win.cc(73)] ReadMemory at 0x2bd83f674c0 of 132 bytes failed: ReadProcessMemory 또는 WriteProcessMemory의 일부 작업만을 마쳤습니다. (0x12B)
[0701/225041.467:ERROR:process_memory_win.cc(73)] ReadMemory at 0x2bd83f675f0 of 132 bytes failed: ReadProcessMemory 또는 WriteProcessMemory의 일부 작업만을 마쳤습니다. (0x12B)
[0701/225041.467:ERROR:process_memory_win.cc(73)] ReadMemory at 0x2bd83f67720 of 132 bytes failed: ReadProcessMemory 또는 WriteProcessMemory의 일부 작업만을 마쳤습니다. (0x12B)
[0701/225041.467:ERROR:process_memory_win.cc(73)] ReadMemory at 0x2bd83f67850 of 132 bytes failed: ReadProcessMemory 또는 WriteProcessMemory의 일부 작업만을 마쳤습니다. (0x12B)
[0701/225041.467:ERROR:process_memory_win.cc(73)] ReadMemory at 0x2bd83f67980 of 132 bytes failed: ReadProcessMemory 또는 WriteProcessMemory의 일부 작업만을 마쳤습니다. (0x12B)
[0701/225041.468:ERROR:process_memory_win.cc(73)] ReadMemory at 0x2bd83f67ab0 of 132 bytes failed: ReadProcessMemory 또는 WriteProcessMemory의 일부 작업만을 마쳤습니다. (0x12B)
[0701/225041.468:ERROR:process_memory_win.cc(73)] ReadMemory at 0x2bd83f67be0 of 132 bytes failed: ReadProcessMemory 또는 WriteProcessMemory의 일부 작업만을 마쳤습니다. (0x12B)
[0701/225041.468:ERROR:process_memory_win.cc(73)] ReadMemory at 0x2bd83f67e40 of 132 bytes failed: ReadProcessMemory 또는 WriteProcessMemory의 일부 작업만을 마쳤습니다. (0x12B)
[0701/225041.468:ERROR:process_memory_win.cc(73)] ReadMemory at 0x2bd83f67f70 of 132 bytes failed: ReadProcessMemory 또는 WriteProcessMemory의 일부 작업만을 마쳤습니다. (0x12B)
[0701/225041.468:ERROR:process_memory_win.cc(73)] ReadMemory at 0x2bd83f680a0 of 132 bytes failed: ReadProcessMemory 또는 WriteProcessMemory의 일부 작업만을 마쳤습니다. (0x12B)
[0701/225041.468:ERROR:process_memory_win.cc(73)] ReadMemory at 0x2bd83f681d0 of 132 bytes failed: ReadProcessMemory 또는 WriteProcessMemory의 일부 작업만을 마쳤습니다. (0x12B)
[0701/225041.468:ERROR:process_memory_win.cc(73)] ReadMemory at 0x2bd83f68300 of 132 bytes failed: ReadProcessMemory 또는 WriteProcessMemory의 일부 작업만을 마쳤습니다. (0x12B)
[0701/225041.468:ERROR:process_memory_win.cc(73)] ReadMemory at 0x2bd83f68430 of 132 bytes failed: ReadProcessMemory 또는 WriteProcessMemory의 일부 작업만을 마쳤습니다. (0x12B)
[0701/225041.468:ERROR:process_memory_win.cc(73)] ReadMemory at 0x2bd83f68560 of 132 bytes failed: ReadProcessMemory 또는 WriteProcessMemory의 일부 작업만을 마쳤습니다. (0x12B)
[0701/225041.468:ERROR:process_memory_win.cc(73)] ReadMemory at 0x2bd83f68690 of 132 bytes failed: ReadProcessMemory 또는 WriteProcessMemory의 일부 작업만을 마쳤습니다. (0x12B)
[0701/225041.468:ERROR:process_memory_win.cc(73)] ReadMemory at 0x2bd83f687c0 of 132 bytes failed: ReadProcessMemory 또는 WriteProcessMemory의 일부 작업만을 마쳤습니다. (0x12B)
[0701/225041.468:ERROR:process_memory_win.cc(73)] ReadMemory at 0x2bd83f688f0 of 132 bytes failed: ReadProcessMemory 또는 WriteProcessMemory의 일부 작업만을 마쳤습니다. (0x12B)
[0701/225041.468:ERROR:process_memory_win.cc(73)] ReadMemory at 0x2bd83f68a20 of 132 bytes failed: ReadProcessMemory 또는 WriteProcessMemory의 일부 작업만을 마쳤습니다. (0x12B)
[0701/225041.468:ERROR:process_memory_win.cc(73)] ReadMemory at 0x2bd83f68b50 of 132 bytes failed: ReadProcessMemory 또는 WriteProcessMemory의 일부 작업만을 마쳤습니다. (0x12B)
[0701/225041.469:ERROR:process_memory_win.cc(73)] ReadMemory at 0x2bd83f68c80 of 132 bytes failed: ReadProcessMemory 또는 WriteProcessMemory의 일부 작업만을 마쳤습니다. (0x12B)
[0701/225041.469:ERROR:process_memory_win.cc(73)] ReadMemory at 0x2bd83f68ee0 of 132 bytes failed: ReadProcessMemory 또는 WriteProcessMemory의 일부 작업만을 마쳤습니다. (0x12B)
[0701/225041.469:ERROR:process_memory_win.cc(73)] ReadMemory at 0x2bd83f7dc30 of 58 bytes failed: ReadProcessMemory 또는 WriteProcessMemory의 일부 작업만을 마쳤습니다. (0x12B)
[0701/225041.469:ERROR:process_memory_win.cc(73)] ReadMemory at 0x2bd83f7de10 of 60 bytes failed: ReadProcessMemory 또는 WriteProcessMemory의 일부 작업만을 마쳤습니다. (0x12B)
[0701/225041.469:ERROR:process_memory_win.cc(73)] ReadMemory at 0x2bd83f7df50 of 60 bytes failed: ReadProcessMemory 또는 WriteProcessMemory의 일부 작업만을 마쳤습니다. (0x12B)
[0701/225041.469:ERROR:process_memory_win.cc(73)] ReadMemory at 0x2bd83f7dff0 of 66 bytes failed: ReadProcessMemory 또는 WriteProcessMemory의 일부 작업만을 마쳤습니다. (0x12B)
[0701/225041.469:ERROR:process_memory_win.cc(73)] ReadMemory at 0x2bd83f7e270 of 62 bytes failed: ReadProcessMemory 또는 WriteProcessMemory의 일부 작업만을 마쳤습니다. (0x12B)
[0701/225041.469:ERROR:process_memory_win.cc(73)] ReadMemory at 0x2bd83f7e540 of 58 bytes failed: ReadProcessMemory 또는 WriteProcessMemory의 일부 작업만을 마쳤습니다. (0x12B)
[0701/225041.469:ERROR:process_memory_win.cc(73)] ReadMemory at 0x2bd83f7e590 of 62 bytes failed: ReadProcessMemory 또는 WriteProcessMemory의 일부 작업만을 마쳤습니다. (0x12B)
[0701/225041.469:ERROR:process_memory_win.cc(73)] ReadMemory at 0x2bd83f7e630 of 64 bytes failed: ReadProcessMemory 또는 WriteProcessMemory의 일부 작업만을 마쳤습니다. (0x12B)
[0701/225041.469:ERROR:process_memory_win.cc(73)] ReadMemory at 0x2bd83f7e7c0 of 58 bytes failed: ReadProcessMemory 또는 WriteProcessMemory의 일부 작업만을 마쳤습니다. (0x12B)
[0701/225041.469:ERROR:process_memory_win.cc(73)] ReadMemory at 0x2bd83f84000 of 512 bytes failed: ReadProcessMemory 또는 WriteProcessMemory의 일부 작업만을 마쳤습니다. (0x12B)
[0701/225041.469:ERROR:process_memory_win.cc(73)] ReadMemory at 0x2bd83f89c70 of 512 bytes failed: ReadProcessMemory 또는 WriteProcessMemory의 일부 작업만을 마쳤습니다. (0x12B)
[0701/225041.470:ERROR:process_memory_win.cc(73)] ReadMemory at 0x2bd83f89f50 of 512 bytes failed: ReadProcessMemory 또는 WriteProcessMemory의 일부 작업만을 마쳤습니다. (0x12B)
[0701/225041.470:ERROR:process_memory_win.cc(73)] ReadMemory at 0x2bd842b0e80 of 643 bytes failed: ReadProcessMemory 또는 WriteProcessMemory의 일부 작업만을 마쳤습니다. (0x12B)
[0701/225041.470:ERROR:process_memory_win.cc(73)] ReadMemory at 0x2bd847693e0 of 512 bytes failed: ReadProcessMemory 또는 WriteProcessMemory의 일부 작업만을 마쳤습니다. (0x12B)
[0701/225041.470:ERROR:process_memory_win.cc(73)] ReadMemory at 0x2bd847ae048 of 512 bytes failed: ReadProcessMemory 또는 WriteProcessMemory의 일부 작업만을 마쳤습니다. (0x12B)
[0701/225041.470:ERROR:process_memory_win.cc(73)] ReadMemory at 0x2bd847ae7f0 of 712 bytes failed: ReadProcessMemory 또는 WriteProcessMemory의 일부 작업만을 마쳤습니다. (0x12B)
[0701/225041.470:ERROR:process_memory_win.cc(73)] ReadMemory at 0x2bd847bb060 of 512 bytes failed: ReadProcessMemory 또는 WriteProcessMemory의 일부 작업만을 마쳤습니다. (0x12B)
[0701/225041.470:ERROR:process_memory_win.cc(73)] ReadMemory at 0x2bd85fd3068 of 560 bytes failed: ReadProcessMemory 또는 WriteProcessMemory의 일부 작업만을 마쳤습니다. (0x12B)
[0701/225041.470:ERROR:process_memory_win.cc(73)] ReadMemory at 0x2bd85ffe290 of 512 bytes failed: ReadProcessMemory 또는 WriteProcessMemory의 일부 작업만을 마쳤습니다. (0x12B)
[0701/225041.470:ERROR:process_memory_win.cc(73)] ReadMemory at 0x2bd86552bd0 of 512 bytes failed: ReadProcessMemory 또는 WriteProcessMemory의 일부 작업만을 마쳤습니다. (0x12B)
[0701/225041.470:ERROR:process_memory_win.cc(73)] ReadMemory at 0x2bd93d79638 of 512 bytes failed: ReadProcessMemory 또는 WriteProcessMemory의 일부 작업만을 마쳤습니다. (0x12B)
[0701/225041.470:ERROR:process_memory_win.cc(73)] ReadMemory at 0x6acb00000000 of 384 bytes failed: ReadProcessMemory 또는 WriteProcessMemory의 일부 작업만을 마쳤습니다. (0x12B)
[0701/225041.470:ERROR:process_memory_win.cc(73)] ReadMemory at 0x7fff5d2d399e of 512 bytes failed: ReadProcessMemory 또는 WriteProcessMemory의 일부 작업만을 마쳤습니다. (0x12B)
[0701/225041.471:ERROR:process_memory_win.cc(73)] ReadMemory at 0x7fff5d73a374 of 512 bytes failed: ReadProcessMemory 또는 WriteProcessMemory의 일부 작업만을 마쳤습니다. (0x12B)
[0701/225041.471:ERROR:process_memory_win.cc(73)] ReadMemory at 0x7fff5ea9af20 of 512 bytes failed: ReadProcessMemory 또는 WriteProcessMemory의 일부 작업만을 마쳤습니다. (0x12B)
[0701/225041.471:ERROR:process_memory_win.cc(73)] ReadMemory at 0x7fff63561877 of 512 bytes failed: ReadProcessMemory 또는 WriteProcessMemory의 일부 작업만을 마쳤습니다. (0x12B)
[0701/225041.471:ERROR:process_memory_win.cc(73)] ReadMemory at 0x7fff63b6bca8 of 512 bytes failed: ReadProcessMemory 또는 WriteProcessMemory의 일부 작업만을 마쳤습니다. (0x12B)
[0701/225041.471:ERROR:process_memory_win.cc(73)] ReadMemory at 0x7fff647aa568 of 512 bytes failed: ReadProcessMemory 또는 WriteProcessMemory의 일부 작업만을 마쳤습니다. (0x12B)
[0701/225041.471:ERROR:process_memory_win.cc(73)] ReadMemory at 0x7fffa4ffc6e0 of 512 bytes failed: ReadProcessMemory 또는 WriteProcessMemory의 일부 작업만을 마쳤습니다. (0x12B)
[0701/225041.471:ERROR:process_memory_win.cc(73)] ReadMemory at 0x7fffa75bc074 of 672 bytes failed: ReadProcessMemory 또는 WriteProcessMemory의 일부 작업만을 마쳤습니다. (0x12B)
[0701/225041.471:ERROR:process_memory_win.cc(73)] ReadMemory at 0x7fffa75bc674 of 512 bytes failed: ReadProcessMemory 또는 WriteProcessMemory의 일부 작업만을 마쳤습니다. (0x12B)
[0701/225041.471:ERROR:process_memory_win.cc(73)] ReadMemory at 0x7fffa75bf924 of 608 bytes failed: ReadProcessMemory 또는 WriteProcessMemory의 일부 작업만을 마쳤습니다. (0x12B)
[0701/225041.471:ERROR:process_memory_win.cc(73)] ReadMemory at 0x7fffa764c428 of 18 bytes failed: ReadProcessMemory 또는 WriteProcessMemory의 일부 작업만을 마쳤습니다. (0x12B)
[0701/225041.471:ERROR:process_memory_win.cc(73)] ReadMemory at 0x7fffa767f4f8 of 40 bytes failed: ReadProcessMemory 또는 WriteProcessMemory의 일부 작업만을 마쳤습니다. (0x12B)
[0701/225041.471:ERROR:process_memory_win.cc(73)] ReadMemory at 0x7fffa767f978 of 48 bytes failed: ReadProcessMemory 또는 WriteProcessMemory의 일부 작업만을 마쳤습니다. (0x12B)
[0701/225041.471:ERROR:process_memory_win.cc(73)] ReadMemory at 0x7fffa76853c0 of 64 bytes failed: ReadProcessMemory 또는 WriteProcessMemory의 일부 작업만을 마쳤습니다. (0x12B)
[0701/225041.473:ERROR:scoped_process_suspend.cc(40)] NtResumeProcess: 기존 프로세스에 액세스하려고 했습니다. (0xc000010a)
[0701/225100.708:ERROR:process_memory_win.cc(73)] ReadMemory at 0x1fad6bb36f0 of 72 bytes failed: ReadProcessMemory 또는 WriteProcessMemory의 일부 작업만을 마쳤습니다. (0x12B)
[0701/225100.709:WARNING:pe_image_annotations_reader.cc(134)] could not read annotations list object in C:\Program Files (x86)\Google\Chrome\Application\83.0.4103.116\chrome_elf.dll
[0701/225100.710:ERROR:process_memory_win.cc(73)] ReadMemory at 0x1fad70c5820 of 72 bytes failed: ReadProcessMemory 또는 WriteProcessMemory의 일부 작업만을 마쳤습니다. (0x12B)
[0701/225100.710:WARNING:pe_image_annotations_reader.cc(134)] could not read annotations list object in C:\Program Files (x86)\Google\Chrome\Application\83.0.4103.116\chrome.dll
[0701/225100.710:ERROR:process_memory_win.cc(73)] ReadMemory at 0x1fad7000000 of 64 bytes failed: ReadProcessMemory 또는 WriteProcessMemory의 일부 작업만을 마쳤습니다. (0x12B)
[0701/225100.710:WARNING:pe_image_reader.cc(340)] could not read dos header from C:\WINDOWS\System32\shcore.dll
[0701/225100.714:ERROR:process_memory_win.cc(73)] ReadMemory at 0x1fad6bb36f0 of 72 bytes failed: ReadProcessMemory 또는 WriteProcessMemory의 일부 작업만을 마쳤습니다. (0x12B)
[0701/225100.714:WARNING:pe_image_annotations_reader.cc(134)] could not read annotations list object in C:\Program Files (x86)\Google\Chrome\Application\83.0.4103.116\chrome_elf.dll
[0701/225100.714:ERROR:process_memory_win.cc(73)] ReadMemory at 0x1fad70c5820 of 72 bytes failed: ReadProcessMemory 또는 WriteProcessMemory의 일부 작업만을 마쳤습니다. (0x12B)
[0701/225100.714:WARNING:pe_image_annotations_reader.cc(134)] could not read annotations list object in C:\Program Files (x86)\Google\Chrome\Application\83.0.4103.116\chrome.dll
[0701/225100.715:ERROR:process_memory_win.cc(73)] ReadMemory at 0x1fad7000000 of 64 bytes failed: ReadProcessMemory 또는 WriteProcessMemory의 일부 작업만을 마쳤습니다. (0x12B)
[0701/225100.715:WARNING:pe_image_reader.cc(340)] could not read dos header from C:\WINDOWS\System32\shcore.dll
[0701/225100.715:ERROR:process_memory_win.cc(73)] ReadMemory at 0x1fad6bb36f0 of 72 bytes failed: ReadProcessMemory 또는 WriteProcessMemory의 일부 작업만을 마쳤습니다. (0x12B)
[0701/225100.715:WARNING:pe_image_annotations_reader.cc(134)] could not read annotations list object in C:\Program Files (x86)\Google\Chrome\Application\83.0.4103.116\chrome_elf.dll
[0701/225100.716:ERROR:process_memory_win.cc(73)] ReadMemory at 0x1fad70c5820 of 72 bytes failed: ReadProcessMemory 또는 WriteProcessMemory의 일부 작업만을 마쳤습니다. (0x12B)
[0701/225100.716:WARNING:pe_image_annotations_reader.cc(134)] could not read annotations list object in C:\Program Files (x86)\Google\Chrome\Application\83.0.4103.116\chrome.dll
[0701/225100.716:ERROR:process_memory_win.cc(73)] ReadMemory at 0x1fad7000000 of 64 bytes failed: ReadProcessMemory 또는 WriteProcessMemory의 일부 작업만을 마쳤습니다. (0x12B)
[0701/225100.716:WARNING:pe_image_reader.cc(340)] could not read dos header from C:\WINDOWS\System32\shcore.dll
[0701/225100.739:ERROR:process_memory_win.cc(73)] ReadMemory at 0xd4811eb000 of 86016 bytes failed: ReadProcessMemory 또는 WriteProcessMemory의 일부 작업만을 마쳤습니다. (0x12B)
[0701/225100.739:ERROR:process_memory_win.cc(73)] ReadMemory at 0xd4819fd000 of 12288 bytes failed: ReadProcessMemory 또는 WriteProcessMemory의 일부 작업만을 마쳤습니다. (0x12B)
[0701/225100.740:ERROR:process_memory_win.cc(73)] ReadMemory at 0xd4821f8000 of 32768 bytes failed: ReadProcessMemory 또는 WriteProcessMemory의 일부 작업만을 마쳤습니다. (0x12B)
[0701/225100.740:ERROR:process_memory_win.cc(73)] ReadMemory at 0xd4829fc000 of 16384 bytes failed: ReadProcessMemory 또는 WriteProcessMemory의 일부 작업만을 마쳤습니다. (0x12B)
[0701/225100.740:ERROR:process_memory_win.cc(73)] ReadMemory at 0xd4831fc000 of 16384 bytes failed: ReadProcessMemory 또는 WriteProcessMemory의 일부 작업만을 마쳤습니다. (0x12B)
[0701/225100.740:ERROR:process_memory_win.cc(73)] ReadMemory at 0xd4839ff000 of 4096 bytes failed: ReadProcessMemory 또는 WriteProcessMemory의 일부 작업만을 마쳤습니다. (0x12B)
[0701/225100.740:ERROR:process_memory_win.cc(73)] ReadMemory at 0xd4841fd000 of 12288 bytes failed: ReadProcessMemory 또는 WriteProcessMemory의 일부 작업만을 마쳤습니다. (0x12B)
[0701/225100.740:ERROR:process_memory_win.cc(73)] ReadMemory at 0xd4849fb000 of 20480 bytes failed: ReadProcessMemory 또는 WriteProcessMemory의 일부 작업만을 마쳤습니다. (0x12B)
[0701/225100.740:ERROR:process_memory_win.cc(73)] ReadMemory at 0xd4851fd000 of 12288 bytes failed: ReadProcessMemory 또는 WriteProcessMemory의 일부 작업만을 마쳤습니다. (0x12B)
[0701/225100.740:ERROR:process_memory_win.cc(73)] ReadMemory at 0xd4859fb000 of 20480 bytes failed: ReadProcessMemory 또는 WriteProcessMemory의 일부 작업만을 마쳤습니다. (0x12B)
[0701/225100.740:ERROR:process_memory_win.cc(73)] ReadMemory at 0xd4861f6000 of 40960 bytes failed: ReadProcessMemory 또는 WriteProcessMemory의 일부 작업만을 마쳤습니다. (0x12B)
[0701/225100.740:ERROR:process_memory_win.cc(73)] ReadMemory at 0xd4869f6000 of 40960 bytes failed: ReadProcessMemory 또는 WriteProcessMemory의 일부 작업만을 마쳤습니다. (0x12B)
[0701/225100.741:ERROR:process_memory_win.cc(73)] ReadMemory at 0xd4871fd000 of 12288 bytes failed: ReadProcessMemory 또는 WriteProcessMemory의 일부 작업만을 마쳤습니다. (0x12B)
[0701/225100.741:ERROR:process_memory_win.cc(73)] ReadMemory at 0xd4879f9000 of 28672 bytes failed: ReadProcessMemory 또는 WriteProcessMemory의 일부 작업만을 마쳤습니다. (0x12B)
[0701/225100.741:ERROR:process_memory_win.cc(73)] ReadMemory at 0xd4881f5000 of 45056 bytes failed: ReadProcessMemory 또는 WriteProcessMemory의 일부 작업만을 마쳤습니다. (0x12B)
[0701/225100.741:ERROR:process_memory_win.cc(73)] ReadMemory at 0xd4889fb000 of 20480 bytes failed: ReadProcessMemory 또는 WriteProcessMemory의 일부 작업만을 마쳤습니다. (0x12B)
[0701/225100.741:ERROR:process_memory_win.cc(73)] ReadMemory at 0xd480956000 of 852 bytes failed: ReadProcessMemory 또는 WriteProcessMemory의 일부 작업만을 마쳤습니다. (0x12B)
[0701/225100.741:ERROR:process_memory_win.cc(73)] ReadMemory at 0xd480957000 of 6024 bytes failed: ReadProcessMemory 또는 WriteProcessMemory의 일부 작업만을 마쳤습니다. (0x12B)
[0701/225100.741:ERROR:process_memory_win.cc(73)] ReadMemory at 0xd480959000 of 6024 bytes failed: ReadProcessMemory 또는 WriteProcessMemory의 일부 작업만을 마쳤습니다. (0x12B)
[0701/225100.741:ERROR:process_memory_win.cc(73)] ReadMemory at 0xd48095b000 of 6024 bytes failed: ReadProcessMemory 또는 WriteProcessMemory의 일부 작업만을 마쳤습니다. (0x12B)
[0701/225100.741:ERROR:process_memory_win.cc(73)] ReadMemory at 0xd48095d000 of 6024 bytes failed: ReadProcessMemory 또는 WriteProcessMemory의 일부 작업만을 마쳤습니다. (0x12B)
[0701/225100.741:ERROR:process_memory_win.cc(73)] ReadMemory at 0xd48095f000 of 6024 bytes failed: ReadProcessMemory 또는 WriteProcessMemory의 일부 작업만을 마쳤습니다. (0x12B)
[0701/225100.741:ERROR:process_memory_win.cc(73)] ReadMemory at 0xd480961000 of 6024 bytes failed: ReadProcessMemory 또는 WriteProcessMemory의 일부 작업만을 마쳤습니다. (0x12B)
[0701/225100.741:ERROR:process_memory_win.cc(73)] ReadMemory at 0xd480963000 of 6024 bytes failed: ReadProcessMemory 또는 WriteProcessMemory의 일부 작업만을 마쳤습니다. (0x12B)
[0701/225100.742:ERROR:process_memory_win.cc(73)] ReadMemory at 0xd480965000 of 6024 bytes failed: ReadProcessMemory 또는 WriteProcessMemory의 일부 작업만을 마쳤습니다. (0x12B)
[0701/225100.742:ERROR:process_memory_win.cc(73)] ReadMemory at 0xd480967000 of 6024 bytes failed: ReadProcessMemory 또는 WriteProcessMemory의 일부 작업만을 마쳤습니다. (0x12B)
[0701/225100.742:ERROR:process_memory_win.cc(73)] ReadMemory at 0xd480969000 of 6024 bytes failed: ReadProcessMemory 또는 WriteProcessMemory의 일부 작업만을 마쳤습니다. (0x12B)
[0701/225100.742:ERROR:process_memory_win.cc(73)] ReadMemory at 0xd48096b000 of 6024 bytes failed: ReadProcessMemory 또는 WriteProcessMemory의 일부 작업만을 마쳤습니다. (0x12B)
[0701/225100.742:ERROR:process_memory_win.cc(73)] ReadMemory at 0xd48096d000 of 6024 bytes failed: ReadProcessMemory 또는 WriteProcessMemory의 일부 작업만을 마쳤습니다. (0x12B)
[0701/225100.742:ERROR:process_memory_win.cc(73)] ReadMemory at 0xd48096f000 of 6024 bytes failed: ReadProcessMemory 또는 WriteProcessMemory의 일부 작업만을 마쳤습니다. (0x12B)
[0701/225100.742:ERROR:process_memory_win.cc(73)] ReadMemory at 0xd480971000 of 6024 bytes failed: ReadProcessMemory 또는 WriteProcessMemory의 일부 작업만을 마쳤습니다. (0x12B)
[0701/225100.742:ERROR:process_memory_win.cc(73)] ReadMemory at 0xd480973000 of 6024 bytes failed: ReadProcessMemory 또는 WriteProcessMemory의 일부 작업만을 마쳤습니다. (0x12B)
[0701/225100.742:ERROR:process_memory_win.cc(73)] ReadMemory at 0xd480975000 of 6024 bytes failed: ReadProcessMemory 또는 WriteProcessMemory의 일부 작업만을 마쳤습니다. (0x12B)
[0701/225100.742:ERROR:process_memory_win.cc(73)] ReadMemory at 0x1fad69b0fe0 of 5982 bytes failed: ReadProcessMemory 또는 WriteProcessMemory의 일부 작업만을 마쳤습니다. (0x12B)
[0701/225100.742:ERROR:process_memory_win.cc(73)] ReadMemory at 0x1fad69b2750 of 1012 bytes failed: ReadProcessMemory 또는 WriteProcessMemory의 일부 작업만을 마쳤습니다. (0x12B)
[0701/225100.742:ERROR:process_memory_win.cc(73)] ReadMemory at 0x1fad69b2d98 of 118 bytes failed: ReadProcessMemory 또는 WriteProcessMemory의 일부 작업만을 마쳤습니다. (0x12B)
[0701/225100.743:ERROR:process_memory_win.cc(73)] ReadMemory at 0x1fad69b2e10 of 1256 bytes failed: ReadProcessMemory 또는 WriteProcessMemory의 일부 작업만을 마쳤습니다. (0x12B)
[0701/225100.743:ERROR:process_memory_win.cc(73)] ReadMemory at 0x1fad69b32fa of 118 bytes failed: ReadProcessMemory 또는 WriteProcessMemory의 일부 작업만을 마쳤습니다. (0x12B)
[0701/225100.743:ERROR:process_memory_win.cc(73)] ReadMemory at 0x1fad69b3372 of 100 bytes failed: ReadProcessMemory 또는 WriteProcessMemory의 일부 작업만을 마쳤습니다. (0x12B)
[0701/225100.743:ERROR:process_memory_win.cc(73)] ReadMemory at 0x1fad69b33f0 of 58 bytes failed: ReadProcessMemory 또는 WriteProcessMemory의 일부 작업만을 마쳤습니다. (0x12B)
[0701/225100.743:ERROR:process_memory_win.cc(73)] ReadMemory at 0x1fad69b34f0 of 132 bytes failed: ReadProcessMemory 또는 WriteProcessMemory의 일부 작업만을 마쳤습니다. (0x12B)
[0701/225100.743:ERROR:process_memory_win.cc(73)] ReadMemory at 0x1fad69b3680 of 132 bytes failed: ReadProcessMemory 또는 WriteProcessMemory의 일부 작업만을 마쳤습니다. (0x12B)
[0701/225100.743:ERROR:process_memory_win.cc(73)] ReadMemory at 0x1fad69b3840 of 126 bytes failed: ReadProcessMemory 또는 WriteProcessMemory의 일부 작업만을 마쳤습니다. (0x12B)
[0701/225100.743:ERROR:process_memory_win.cc(73)] ReadMemory at 0x1fad69b3c20 of 132 bytes failed: ReadProcessMemory 또는 WriteProcessMemory의 일부 작업만을 마쳤습니다. (0x12B)
[0701/225100.743:ERROR:process_memory_win.cc(73)] ReadMemory at 0x1fad69b3db0 of 64 bytes failed: ReadProcessMemory 또는 WriteProcessMemory의 일부 작업만을 마쳤습니다. (0x12B)
[0701/225100.743:ERROR:process_memory_win.cc(73)] ReadMemory at 0x1fad69b3e00 of 132 bytes failed: ReadProcessMemory 또는 WriteProcessMemory의 일부 작업만을 마쳤습니다. (0x12B)
[0701/225100.743:ERROR:process_memory_win.cc(73)] ReadMemory at 0x1fad69b3f70 of 132 bytes failed: ReadProcessMemory 또는 WriteProcessMemory의 일부 작업만을 마쳤습니다. (0x12B)
[0701/225100.743:ERROR:process_memory_win.cc(73)] ReadMemory at 0x1fad69b4210 of 132 bytes failed: ReadProcessMemory 또는 WriteProcessMemory의 일부 작업만을 마쳤습니다. (0x12B)
[0701/225100.743:ERROR:process_memory_win.cc(73)] ReadMemory at 0x1fad69b43a0 of 68 bytes failed: ReadProcessMemory 또는 WriteProcessMemory의 일부 작업만을 마쳤습니다. (0x12B)
[0701/225100.743:ERROR:process_memory_win.cc(73)] ReadMemory at 0x1fad69b5420 of 146 bytes failed: ReadProcessMemory 또는 WriteProcessMemory의 일부 작업만을 마쳤습니다. (0x12B)
[0701/225100.744:ERROR:process_memory_win.cc(73)] ReadMemory at 0x1fad69b5500 of 132 bytes failed: ReadProcessMemory 또는 WriteProcessMemory의 일부 작업만을 마쳤습니다. (0x12B)
[0701/225100.744:ERROR:process_memory_win.cc(73)] ReadMemory at 0x1fad69b5690 of 154 bytes failed: ReadProcessMemory 또는 WriteProcessMemory의 일부 작업만을 마쳤습니다. (0x12B)
[0701/225100.744:ERROR:process_memory_win.cc(73)] ReadMemory at 0x1fad69b6470 of 62 bytes failed: ReadProcessMemory 또는 WriteProcessMemory의 일부 작업만을 마쳤습니다. (0x12B)
[0701/225100.744:ERROR:process_memory_win.cc(73)] ReadMemory at 0x1fad69b64c0 of 132 bytes failed: ReadProcessMemory 또는 WriteProcessMemory의 일부 작업만을 마쳤습니다. (0x12B)
[0701/225100.744:ERROR:process_memory_win.cc(73)] ReadMemory at 0x1fad69b6660 of 132 bytes failed: ReadProcessMemory 또는 WriteProcessMemory의 일부 작업만을 마쳤습니다. (0x12B)
[0701/225100.744:ERROR:process_memory_win.cc(73)] ReadMemory at 0x1fad69b6790 of 60 bytes failed: ReadProcessMemory 또는 WriteProcessMemory의 일부 작업만을 마쳤습니다. (0x12B)
[0701/225100.744:ERROR:process_memory_win.cc(73)] ReadMemory at 0x1fad69b81e0 of 132 bytes failed: ReadProcessMemory 또는 WriteProcessMemory의 일부 작업만을 마쳤습니다. (0x12B)
[0701/225100.744:ERROR:process_memory_win.cc(73)] ReadMemory at 0x1fad69b8310 of 132 bytes failed: ReadProcessMemory 또는 WriteProcessMemory의 일부 작업만을 마쳤습니다. (0x12B)
[0701/225100.744:ERROR:process_memory_win.cc(73)] ReadMemory at 0x1fad69b8580 of 132 bytes failed: ReadProcessMemory 또는 WriteProcessMemory의 일부 작업만을 마쳤습니다. (0x12B)
[0701/225100.744:ERROR:process_memory_win.cc(73)] ReadMemory at 0x1fad69b8790 of 132 bytes failed: ReadProcessMemory 또는 WriteProcessMemory의 일부 작업만을 마쳤습니다. (0x12B)
[0701/225100.744:ERROR:process_memory_win.cc(73)] ReadMemory at 0x1fad69b8ec0 of 132 bytes failed: ReadProcessMemory 또는 WriteProcessMemory의 일부 작업만을 마쳤습니다. (0x12B)
[0701/225100.744:ERROR:process_memory_win.cc(73)] ReadMemory at 0x1fad69b9050 of 80 bytes failed: ReadProcessMemory 또는 WriteProcessMemory의 일부 작업만을 마쳤습니다. (0x12B)
[0701/225100.744:ERROR:process_memory_win.cc(73)] ReadMemory at 0x1fad69bb610 of 62 bytes failed: ReadProcessMemory 또는 WriteProcessMemory의 일부 작업만을 마쳤습니다. (0x12B)
[0701/225100.744:ERROR:process_memory_win.cc(73)] ReadMemory at 0x1fad69bb6b0 of 62 bytes failed: ReadProcessMemory 또는 WriteProcessMemory의 일부 작업만을 마쳤습니다. (0x12B)
[0701/225100.744:ERROR:process_memory_win.cc(73)] ReadMemory at 0x1fad69bb930 of 60 bytes failed: ReadProcessMemory 또는 WriteProcessMemory의 일부 작업만을 마쳤습니다. (0x12B)
[0701/225100.745:ERROR:process_memory_win.cc(73)] ReadMemory at 0x1fad69bba20 of 64 bytes failed: ReadProcessMemory 또는 WriteProcessMemory의 일부 작업만을 마쳤습니다. (0x12B)
[0701/225100.745:ERROR:process_memory_win.cc(73)] ReadMemory at 0x1fad69bbac0 of 64 bytes failed: ReadProcessMemory 또는 WriteProcessMemory의 일부 작업만을 마쳤습니다. (0x12B)
[0701/225100.745:ERROR:process_memory_win.cc(73)] ReadMemory at 0x1fad69bbb10 of 64 bytes failed: ReadProcessMemory 또는 WriteProcessMemory의 일부 작업만을 마쳤습니다. (0x12B)
[0701/225100.745:ERROR:process_memory_win.cc(73)] ReadMemory at 0x1fad69bbb60 of 60 bytes failed: ReadProcessMemory 또는 WriteProcessMemory의 일부 작업만을 마쳤습니다. (0x12B)
[0701/225100.745:ERROR:process_memory_win.cc(73)] ReadMemory at 0x1fad69bbbb0 of 64 bytes failed: ReadProcessMemory 또는 WriteProcessMemory의 일부 작업만을 마쳤습니다. (0x12B)
[0701/225100.745:ERROR:process_memory_win.cc(73)] ReadMemory at 0x1fad69bbcf0 of 66 bytes failed: ReadProcessMemory 또는 WriteProcessMemory의 일부 작업만을 마쳤습니다. (0x12B)
[0701/225100.745:ERROR:process_memory_win.cc(73)] ReadMemory at 0x1fad69bc9b0 of 80 bytes failed: ReadProcessMemory 또는 WriteProcessMemory의 일부 작업만을 마쳤습니다. (0x12B)
[0701/225100.745:ERROR:process_memory_win.cc(73)] ReadMemory at 0x1fad69bca10 of 76 bytes failed: ReadProcessMemory 또는 WriteProcessMemory의 일부 작업만을 마쳤습니다. (0x12B)
[0701/225100.745:ERROR:process_memory_win.cc(73)] ReadMemory at 0x1fad69bd070 of 78 bytes failed: ReadProcessMemory 또는 WriteProcessMemory의 일부 작업만을 마쳤습니다. (0x12B)
[0701/225100.745:ERROR:process_memory_win.cc(73)] ReadMemory at 0x1fad69bd230 of 62 bytes failed: ReadProcessMemory 또는 WriteProcessMemory의 일부 작업만을 마쳤습니다. (0x12B)
[0701/225100.745:ERROR:process_memory_win.cc(73)] ReadMemory at 0x1fad69bd280 of 64 bytes failed: ReadProcessMemory 또는 WriteProcessMemory의 일부 작업만을 마쳤습니다. (0x12B)
[0701/225100.745:ERROR:process_memory_win.cc(73)] ReadMemory at 0x1fad69bd2d0 of 64 bytes failed: ReadProcessMemory 또는 WriteProcessMemory의 일부 작업만을 마쳤습니다. (0x12B)
[0701/225100.745:ERROR:process_memory_win.cc(73)] ReadMemory at 0x1fad69bd320 of 62 bytes failed: ReadProcessMemory 또는 WriteProcessMemory의 일부 작업만을 마쳤습니다. (0x12B)
[0701/225100.745:ERROR:process_memory_win.cc(73)] ReadMemory at 0x1fad69bd370 of 64 bytes failed: ReadProcessMemory 또는 WriteProcessMemory의 일부 작업만을 마쳤습니다. (0x12B)
[0701/225100.745:ERROR:process_memory_win.cc(73)] ReadMemory at 0x1fad69bd410 of 60 bytes failed: ReadProcessMemory 또는 WriteProcessMemory의 일부 작업만을 마쳤습니다. (0x12B)
[0701/225100.746:ERROR:process_memory_win.cc(73)] ReadMemory at 0x1fad69bd6e0 of 64 bytes failed: ReadProcessMemory 또는 WriteProcessMemory의 일부 작업만을 마쳤습니다. (0x12B)
[0701/225100.746:ERROR:process_memory_win.cc(73)] ReadMemory at 0x1fad69bd730 of 62 bytes failed: ReadProcessMemory 또는 WriteProcessMemory의 일부 작업만을 마쳤습니다. (0x12B)
[0701/225100.746:ERROR:process_memory_win.cc(73)] ReadMemory at 0x1fad69bd780 of 62 bytes failed: ReadProcessMemory 또는 WriteProcessMemory의 일부 작업만을 마쳤습니다. (0x12B)
[0701/225100.746:ERROR:process_memory_win.cc(73)] ReadMemory at 0x1fad69bd7d0 of 60 bytes failed: ReadProcessMemory 또는 WriteProcessMemory의 일부 작업만을 마쳤습니다. (0x12B)
[0701/225100.746:ERROR:process_memory_win.cc(73)] ReadMemory at 0x1fad69bd820 of 62 bytes failed: ReadProcessMemory 또는 WriteProcessMemory의 일부 작업만을 마쳤습니다. (0x12B)
[0701/225100.746:ERROR:process_memory_win.cc(73)] ReadMemory at 0x1fad69bda00 of 62 bytes failed: ReadProcessMemory 또는 WriteProcessMemory의 일부 작업만을 마쳤습니다. (0x12B)
[0701/225100.746:ERROR:process_memory_win.cc(73)] ReadMemory at 0x1fad69bda50 of 60 bytes failed: ReadProcessMemory 또는 WriteProcessMemory의 일부 작업만을 마쳤습니다. (0x12B)
[0701/225100.746:ERROR:process_memory_win.cc(73)] ReadMemory at 0x1fad69bdaa0 of 62 bytes failed: ReadProcessMemory 또는 WriteProcessMemory의 일부 작업만을 마쳤습니다. (0x12B)
[0701/225100.746:ERROR:process_memory_win.cc(73)] ReadMemory at 0x1fad69bdaf0 of 62 bytes failed: ReadProcessMemory 또는 WriteProcessMemory의 일부 작업만을 마쳤습니다. (0x12B)
[0701/225100.746:ERROR:process_memory_win.cc(73)] ReadMemory at 0x1fad69bddc0 of 60 bytes failed: ReadProcessMemory 또는 WriteProcessMemory의 일부 작업만을 마쳤습니다. (0x12B)
[0701/225100.746:ERROR:process_memory_win.cc(73)] ReadMemory at 0x1fad69bde10 of 66 bytes failed: ReadProcessMemory 또는 WriteProcessMemory의 일부 작업만을 마쳤습니다. (0x12B)
[0701/225100.746:ERROR:process_memory_win.cc(73)] ReadMemory at 0x1fad69bdfa0 of 62 bytes failed: ReadProcessMemory 또는 WriteProcessMemory의 일부 작업만을 마쳤습니다. (0x12B)
[0701/225100.746:ERROR:process_memory_win.cc(73)] ReadMemory at 0x1fad69be090 of 58 bytes failed: ReadProcessMemory 또는 WriteProcessMemory의 일부 작업만을 마쳤습니다. (0x12B)
[0701/225100.746:ERROR:process_memory_win.cc(73)] ReadMemory at 0x1fad69bf290 of 54 bytes failed: ReadProcessMemory 또는 WriteProcessMemory의 일부 작업만을 마쳤습니다. (0x12B)
[0701/225100.746:ERROR:process_memory_win.cc(73)] ReadMemory at 0x1fad69c0410 of 132 bytes failed: ReadProcessMemory 또는 WriteProcessMemory의 일부 작업만을 마쳤습니다. (0x12B)
[0701/225100.747:ERROR:process_memory_win.cc(73)] ReadMemory at 0x1fad69c0ba0 of 132 bytes failed: ReadProcessMemory 또는 WriteProcessMemory의 일부 작업만을 마쳤습니다. (0x12B)
[0701/225100.747:ERROR:process_memory_win.cc(73)] ReadMemory at 0x1fad69c15e0 of 132 bytes failed: ReadProcessMemory 또는 WriteProcessMemory의 일부 작업만을 마쳤습니다. (0x12B)
[0701/225100.747:ERROR:process_memory_win.cc(73)] ReadMemory at 0x1fad69c5b10 of 132 bytes failed: ReadProcessMemory 또는 WriteProcessMemory의 일부 작업만을 마쳤습니다. (0x12B)
[0701/225100.747:ERROR:process_memory_win.cc(73)] ReadMemory at 0x1fad69c5c40 of 132 bytes failed: ReadProcessMemory 또는 WriteProcessMemory의 일부 작업만을 마쳤습니다. (0x12B)
[0701/225100.747:ERROR:process_memory_win.cc(73)] ReadMemory at 0x1fad69c5d70 of 132 bytes failed: ReadProcessMemory 또는 WriteProcessMemory의 일부 작업만을 마쳤습니다. (0x12B)
[0701/225100.747:ERROR:process_memory_win.cc(73)] ReadMemory at 0x1fad69c5ea0 of 132 bytes failed: ReadProcessMemory 또는 WriteProcessMemory의 일부 작업만을 마쳤습니다. (0x12B)
[0701/225100.747:ERROR:process_memory_win.cc(73)] ReadMemory at 0x1fad69c5fd0 of 132 bytes failed: ReadProcessMemory 또는 WriteProcessMemory의 일부 작업만을 마쳤습니다. (0x12B)
[0701/225100.747:ERROR:process_memory_win.cc(73)] ReadMemory at 0x1fad69c6100 of 132 bytes failed: ReadProcessMemory 또는 WriteProcessMemory의 일부 작업만을 마쳤습니다. (0x12B)
[0701/225100.747:ERROR:process_memory_win.cc(73)] ReadMemory at 0x1fad69c6230 of 132 bytes failed: ReadProcessMemory 또는 WriteProcessMemory의 일부 작업만을 마쳤습니다. (0x12B)
[0701/225100.747:ERROR:process_memory_win.cc(73)] ReadMemory at 0x1fad69c6360 of 132 bytes failed: ReadProcessMemory 또는 WriteProcessMemory의 일부 작업만을 마쳤습니다. (0x12B)
[0701/225100.747:ERROR:process_memory_win.cc(73)] ReadMemory at 0x1fad69c6490 of 132 bytes failed: ReadProcessMemory 또는 WriteProcessMemory의 일부 작업만을 마쳤습니다. (0x12B)
[0701/225100.747:ERROR:process_memory_win.cc(73)] ReadMemory at 0x1fad69c65c0 of 132 bytes failed: ReadProcessMemory 또는 WriteProcessMemory의 일부 작업만을 마쳤습니다. (0x12B)
[0701/225100.747:ERROR:process_memory_win.cc(73)] ReadMemory at 0x1fad69c66f0 of 132 bytes failed: ReadProcessMemory 또는 WriteProcessMemory의 일부 작업만을 마쳤습니다. (0x12B)
[0701/225100.747:ERROR:process_memory_win.cc(73)] ReadMemory at 0x1fad69c6950 of 132 bytes failed: ReadProcessMemory 또는 WriteProcessMemory의 일부 작업만을 마쳤습니다. (0x12B)
[0701/225100.747:ERROR:process_memory_win.cc(73)] ReadMemory at 0x1fad69c7270 of 132 bytes failed: ReadProcessMemory 또는 WriteProcessMemory의 일부 작업만을 마쳤습니다. (0x12B)
[0701/225100.748:ERROR:process_memory_win.cc(73)] ReadMemory at 0x1fad69c73a0 of 132 bytes failed: ReadProcessMemory 또는 WriteProcessMemory의 일부 작업만을 마쳤습니다. (0x12B)
[0701/225100.748:ERROR:process_memory_win.cc(73)] ReadMemory at 0x1fad69c74d0 of 132 bytes failed: ReadProcessMemory 또는 WriteProcessMemory의 일부 작업만을 마쳤습니다. (0x12B)
[0701/225100.748:ERROR:process_memory_win.cc(73)] ReadMemory at 0x1fad69c7600 of 132 bytes failed: ReadProcessMemory 또는 WriteProcessMemory의 일부 작업만을 마쳤습니다. (0x12B)
[0701/225100.748:ERROR:process_memory_win.cc(73)] ReadMemory at 0x1fad69c7990 of 132 bytes failed: ReadProcessMemory 또는 WriteProcessMemory의 일부 작업만을 마쳤습니다. (0x12B)
[0701/225100.748:ERROR:process_memory_win.cc(73)] ReadMemory at 0x1fad69c7ac0 of 132 bytes failed: ReadProcessMemory 또는 WriteProcessMemory의 일부 작업만을 마쳤습니다. (0x12B)
[0701/225100.748:ERROR:process_memory_win.cc(73)] ReadMemory at 0x1fad69c7bf0 of 132 bytes failed: ReadProcessMemory 또는 WriteProcessMemory의 일부 작업만을 마쳤습니다. (0x12B)
[0701/225100.748:ERROR:process_memory_win.cc(73)] ReadMemory at 0x1fad69c7d20 of 132 bytes failed: ReadProcessMemory 또는 WriteProcessMemory의 일부 작업만을 마쳤습니다. (0x12B)
[0701/225100.748:ERROR:process_memory_win.cc(73)] ReadMemory at 0x1fad69c7e50 of 132 bytes failed: ReadProcessMemory 또는 WriteProcessMemory의 일부 작업만을 마쳤습니다. (0x12B)
[0701/225100.748:ERROR:process_memory_win.cc(73)] ReadMemory at 0x1fad69c8310 of 132 bytes failed: ReadProcessMemory 또는 WriteProcessMemory의 일부 작업만을 마쳤습니다. (0x12B)
[0701/225100.748:ERROR:process_memory_win.cc(73)] ReadMemory at 0x1fad69c8440 of 132 bytes failed: ReadProcessMemory 또는 WriteProcessMemory의 일부 작업만을 마쳤습니다. (0x12B)
[0701/225100.748:ERROR:process_memory_win.cc(73)] ReadMemory at 0x1fad69c8570 of 132 bytes failed: ReadProcessMemory 또는 WriteProcessMemory의 일부 작업만을 마쳤습니다. (0x12B)
[0701/225100.748:ERROR:process_memory_win.cc(73)] ReadMemory at 0x1fad69c86a0 of 132 bytes failed: ReadProcessMemory 또는 WriteProcessMemory의 일부 작업만을 마쳤습니다. (0x12B)
[0701/225100.749:ERROR:process_memory_win.cc(73)] ReadMemory at 0x1fad69c87d0 of 132 bytes failed: ReadProcessMemory 또는 WriteProcessMemory의 일부 작업만을 마쳤습니다. (0x12B)
[0701/225100.749:ERROR:process_memory_win.cc(73)] ReadMemory at 0x1fad69c8900 of 132 bytes failed: ReadProcessMemory 또는 WriteProcessMemory의 일부 작업만을 마쳤습니다. (0x12B)
[0701/225100.749:ERROR:process_memory_win.cc(73)] ReadMemory at 0x1fad69c8a30 of 132 bytes failed: ReadProcessMemory 또는 WriteProcessMemory의 일부 작업만을 마쳤습니다. (0x12B)
[0701/225100.749:ERROR:process_memory_win.cc(73)] ReadMemory at 0x1fad69c8b60 of 132 bytes failed: ReadProcessMemory 또는 WriteProcessMemory의 일부 작업만을 마쳤습니다. (0x12B)
[0701/225100.749:ERROR:process_memory_win.cc(73)] ReadMemory at 0x1fad69c8c90 of 132 bytes failed: ReadProcessMemory 또는 WriteProcessMemory의 일부 작업만을 마쳤습니다. (0x12B)
[0701/225100.749:ERROR:process_memory_win.cc(73)] ReadMemory at 0x1fad69c8dc0 of 132 bytes failed: ReadProcessMemory 또는 WriteProcessMemory의 일부 작업만을 마쳤습니다. (0x12B)
[0701/225100.749:ERROR:process_memory_win.cc(73)] ReadMemory at 0x1fad69c8ef0 of 132 bytes failed: ReadProcessMemory 또는 WriteProcessMemory의 일부 작업만을 마쳤습니다. (0x12B)
[0701/225100.749:ERROR:process_memory_win.cc(73)] ReadMemory at 0x1fad69c9020 of 132 bytes failed: ReadProcessMemory 또는 WriteProcessMemory의 일부 작업만을 마쳤습니다. (0x12B)
[0701/225100.749:ERROR:process_memory_win.cc(73)] ReadMemory at 0x1fad69ddb50 of 58 bytes failed: ReadProcessMemory 또는 WriteProcessMemory의 일부 작업만을 마쳤습니다. (0x12B)
[0701/225100.749:ERROR:process_memory_win.cc(73)] ReadMemory at 0x1fad69ddba0 of 62 bytes failed: ReadProcessMemory 또는 WriteProcessMemory의 일부 작업만을 마쳤습니다. (0x12B)
[0701/225100.749:ERROR:process_memory_win.cc(73)] ReadMemory at 0x1fad69ddc40 of 64 bytes failed: ReadProcessMemory 또는 WriteProcessMemory의 일부 작업만을 마쳤습니다. (0x12B)
[0701/225100.749:ERROR:process_memory_win.cc(73)] ReadMemory at 0x1fad69de050 of 60 bytes failed: ReadProcessMemory 또는 WriteProcessMemory의 일부 작업만을 마쳤습니다. (0x12B)
[0701/225100.749:ERROR:process_memory_win.cc(73)] ReadMemory at 0x1fad69de0a0 of 58 bytes failed: ReadProcessMemory 또는 WriteProcessMemory의 일부 작업만을 마쳤습니다. (0x12B)
[0701/225100.749:ERROR:process_memory_win.cc(73)] ReadMemory at 0x1fad69de1e0 of 66 bytes failed: ReadProcessMemory 또는 WriteProcessMemory의 일부 작업만을 마쳤습니다. (0x12B)
[0701/225100.750:ERROR:process_memory_win.cc(73)] ReadMemory at 0x1fad69de320 of 62 bytes failed: ReadProcessMemory 또는 WriteProcessMemory의 일부 작업만을 마쳤습니다. (0x12B)
[0701/225100.750:ERROR:process_memory_win.cc(73)] ReadMemory at 0x1fad69de370 of 58 bytes failed: ReadProcessMemory 또는 WriteProcessMemory의 일부 작업만을 마쳤습니다. (0x12B)
[0701/225100.750:ERROR:process_memory_win.cc(73)] ReadMemory at 0x1fad69de460 of 60 bytes failed: ReadProcessMemory 또는 WriteProcessMemory의 일부 작업만을 마쳤습니다. (0x12B)
[0701/225100.750:ERROR:process_memory_win.cc(73)] ReadMemory at 0x1fad69e4010 of 512 bytes failed: ReadProcessMemory 또는 WriteProcessMemory의 일부 작업만을 마쳤습니다. (0x12B)
[0701/225100.750:ERROR:process_memory_win.cc(73)] ReadMemory at 0x1fad69e99e0 of 512 bytes failed: ReadProcessMemory 또는 WriteProcessMemory의 일부 작업만을 마쳤습니다. (0x12B)
[0701/225100.750:ERROR:process_memory_win.cc(73)] ReadMemory at 0x1fad6f52680 of 512 bytes failed: ReadProcessMemory 또는 WriteProcessMemory의 일부 작업만을 마쳤습니다. (0x12B)
[0701/225100.750:ERROR:process_memory_win.cc(73)] ReadMemory at 0x1fad70c0000 of 384 bytes failed: ReadProcessMemory 또는 WriteProcessMemory의 일부 작업만을 마쳤습니다. (0x12B)
[0701/225100.750:ERROR:process_memory_win.cc(73)] ReadMemory at 0x1fad70f1b88 of 512 bytes failed: ReadProcessMemory 또는 WriteProcessMemory의 일부 작업만을 마쳤습니다. (0x12B)
[0701/225100.750:ERROR:process_memory_win.cc(73)] ReadMemory at 0x1fad70f7b80 of 568 bytes failed: ReadProcessMemory 또는 WriteProcessMemory의 일부 작업만을 마쳤습니다. (0x12B)
[0701/225100.750:ERROR:process_memory_win.cc(73)] ReadMemory at 0x1fad70fd8f0 of 1024 bytes failed: ReadProcessMemory 또는 WriteProcessMemory의 일부 작업만을 마쳤습니다. (0x12B)
[0701/225100.750:ERROR:process_memory_win.cc(73)] ReadMemory at 0x1fad710b3f0 of 512 bytes failed: ReadProcessMemory 또는 WriteProcessMemory의 일부 작업만을 마쳤습니다. (0x12B)
[0701/225100.750:ERROR:process_memory_win.cc(73)] ReadMemory at 0x1fad7124700 of 512 bytes failed: ReadProcessMemory 또는 WriteProcessMemory의 일부 작업만을 마쳤습니다. (0x12B)
[0701/225100.750:ERROR:process_memory_win.cc(73)] ReadMemory at 0x1fad71bdf00 of 512 bytes failed: ReadProcessMemory 또는 WriteProcessMemory의 일부 작업만을 마쳤습니다. (0x12B)
[0701/225100.750:ERROR:process_memory_win.cc(73)] ReadMemory at 0x1fae1ebc020 of 512 bytes failed: ReadProcessMemory 또는 WriteProcessMemory의 일부 작업만을 마쳤습니다. (0x12B)
[0701/225100.750:ERROR:process_memory_win.cc(73)] ReadMemory at 0x7bd08815ee4 of 512 bytes failed: ReadProcessMemory 또는 WriteProcessMemory의 일부 작업만을 마쳤습니다. (0x12B)
[0701/225100.751:ERROR:process_memory_win.cc(73)] ReadMemory at 0x7bd09981f60 of 512 bytes failed: ReadProcessMemory 또는 WriteProcessMemory의 일부 작업만을 마쳤습니다. (0x12B)
[0701/225100.751:ERROR:process_memory_win.cc(73)] ReadMemory at 0x7fff5d2d399e of 512 bytes failed: ReadProcessMemory 또는 WriteProcessMemory의 일부 작업만을 마쳤습니다. (0x12B)
[0701/225100.751:ERROR:process_memory_win.cc(73)] ReadMemory at 0x7fff63b6bca8 of 512 bytes failed: ReadProcessMemory 또는 WriteProcessMemory의 일부 작업만을 마쳤습니다. (0x12B)
[0701/225100.751:ERROR:process_memory_win.cc(73)] ReadMemory at 0x7fff647aa568 of 512 bytes failed: ReadProcessMemory 또는 WriteProcessMemory의 일부 작업만을 마쳤습니다. (0x12B)
[0701/225100.751:ERROR:process_memory_win.cc(73)] ReadMemory at 0x7fffa4ffc6e0 of 512 bytes failed: ReadProcessMemory 또는 WriteProcessMemory의 일부 작업만을 마쳤습니다. (0x12B)
[0701/225100.751:ERROR:process_memory_win.cc(73)] ReadMemory at 0x7fffa75bc074 of 672 bytes failed: ReadProcessMemory 또는 WriteProcessMemory의 일부 작업만을 마쳤습니다. (0x12B)
[0701/225100.751:ERROR:process_memory_win.cc(73)] ReadMemory at 0x7fffa75bc674 of 512 bytes failed: ReadProcessMemory 또는 WriteProcessMemory의 일부 작업만을 마쳤습니다. (0x12B)
[0701/225100.751:ERROR:process_memory_win.cc(73)] ReadMemory at 0x7fffa75bf344 of 512 bytes failed: ReadProcessMemory 또는 WriteProcessMemory의 일부 작업만을 마쳤습니다. (0x12B)
[0701/225100.751:ERROR:process_memory_win.cc(73)] ReadMemory at 0x7fffa75bf924 of 608 bytes failed: ReadProcessMemory 또는 WriteProcessMemory의 일부 작업만을 마쳤습니다. (0x12B)
[0701/225100.751:ERROR:process_memory_win.cc(73)] ReadMemory at 0x7fffa764c428 of 18 bytes failed: ReadProcessMemory 또는 WriteProcessMemory의 일부 작업만을 마쳤습니다. (0x12B)
[0701/225100.751:ERROR:process_memory_win.cc(73)] ReadMemory at 0x7fffa767f4f8 of 40 bytes failed: ReadProcessMemory 또는 WriteProcessMemory의 일부 작업만을 마쳤습니다. (0x12B)
[0701/225100.751:ERROR:process_memory_win.cc(73)] ReadMemory at 0x7fffa767f978 of 48 bytes failed: ReadProcessMemory 또는 WriteProcessMemory의 일부 작업만을 마쳤습니다. (0x12B)
[0701/225100.751:ERROR:process_memory_win.cc(73)] ReadMemory at 0x7fffa76853c0 of 64 bytes failed: ReadProcessMemory 또는 WriteProcessMemory의 일부 작업만을 마쳤습니다. (0x12B)
[0701/225100.753:ERROR:scoped_process_suspend.cc(40)] NtResumeProcess: 기존 프로세스에 액세스하려고 했습니다. (0xc000010a)
